PRT1
285
874
4 0 3 (2518.810059 3072 2024.430054 ) (2048 3072 2024.430054 ) (2048 3072 -4242.049805 ) (2518.810059 3072 -4242.049805 ) 
4 0 1 (2048 3072 -4242.049805 ) (2048 3072 2024.430054 ) (2048 3433.909912 2024.430054 ) (2048 3433.909912 -4242.049805 ) 
4 1 5 (2048 3072 -4242.049805 ) (2048 3072 2024.430054 ) (1024 3072 2024.430054 ) (1024 3072 -4242.049805 ) 
4 1 2 (1024 3072 -4242.049805 ) (1024 3072 2024.430054 ) (1024 3433.909912 2024.430054 ) (1024 3433.909912 -4242.049805 ) 
4 2 20 (0 3072 -4242.049805 ) (0 3072 2024.430054 ) (0 3433.909912 2024.430054 ) (0 3433.909912 -4242.049805 ) 
4 2 6 (1024 3072 -4242.049805 ) (1024 3072 2024.430054 ) (0 3072 2024.430054 ) (0 3072 -4242.049805 ) 
4 3 5 (2048 3072 2024.430054 ) (2048 3072 -4242.049805 ) (2048 2048 -4242.049805 ) (2048 2048 2024.430054 ) 
4 3 4 (2518.810059 2048 2024.430054 ) (2048 2048 2024.430054 ) (2048 2048 -4242.049805 ) (2518.810059 2048 -4242.049805 ) 
4 4 41 (2518.810059 1024 2024.430054 ) (2048 1024 2024.430054 ) (2048 1024 -4242.049805 ) (2518.810059 1024 -4242.049805 ) 
4 4 7 (2048 1024 -4242.049805 ) (2048 1024 2024.430054 ) (2048 2048 2024.430054 ) (2048 2048 -4242.049805 ) 
4 5 7 (2048 2048 -4242.049805 ) (2048 2048 2024.430054 ) (1024 2048 2024.430054 ) (1024 2048 -4242.049805 ) 
4 5 6 (1024 3072 2024.430054 ) (1024 3072 -4242.049805 ) (1024 2048 -4242.049805 ) (1024 2048 2024.430054 ) 
4 6 23 (0 2048 -4242.049805 ) (0 2048 2024.430054 ) (0 3072 2024.430054 ) (0 3072 -4242.049805 ) 
4 6 19 (1024 2048 -4242.049805 ) (1024 2048 -622 ) (0 2048 -622 ) (0 2048 -4242.049805 ) 
4 6 17 (91 2048 -450.132996 ) (0 2048 -450.132996 ) (0 2048 -622 ) (91 2048 -622 ) 
4 6 16 (1024 2048 -622 ) (1024 2048 -450.132996 ) (91 2048 -450.132996 ) (91 2048 -622 ) 
4 6 15 (102.934998 2048 -448.134003 ) (0 2048 -448.134003 ) (0 2048 -450.132996 ) (102.934998 2048 -450.132996 ) 
4 6 14 (1024 2048 -450.132996 ) (1024 2048 -448.134003 ) (102.934998 2048 -448.134003 ) (102.934998 2048 -450.132996 ) 
4 6 12 (101.050011 2048 -276.134003 ) (0 2048 -276.134003 ) (0 2048 -448.134003 ) (101.050011 2048 -448.134003 ) 
4 6 11 (1024 2048 -448.134003 ) (1024 2048 -276.134003 ) (101.050011 2048 -276.134003 ) (101.050011 2048 -448.134003 ) 
4 6 9 (102.934998 2048 2024.430054 ) (0 2048 2024.430054 ) (0 2048 -276.134003 ) (102.934998 2048 -276.134003 ) 
4 6 8 (1024 2048 -276.134003 ) (1024 2048 2024.430054 ) (102.934998 2048 2024.430054 ) (102.934998 2048 -276.134003 ) 
4 7 43 (2048 1024 -4242.049805 ) (2048 1024 2024.430054 ) (1024 1024 2024.430054 ) (1024 1024 -4242.049805 ) 
4 7 19 (1024 2048 -622 ) (1024 2048 -4242.049805 ) (1024 1024 -4242.049805 ) (1024 1024 -622 ) 
4 7 16 (1024 2048 -450.132996 ) (1024 2048 -622 ) (1024 1024 -622 ) (1024 1024 -450.132996 ) 
4 7 14 (1024 2048 -448.134003 ) (1024 2048 -450.132996 ) (1024 1024 -450.132996 ) (1024 1024 -448.134003 ) 
4 7 11 (1024 2048 -276.134003 ) (1024 2048 -448.134003 ) (1024 1024 -448.134003 ) (1024 1024 -276.134003 ) 
4 7 8 (1024 2048 2024.430054 ) (1024 2048 -276.134003 ) (1024 1024 -276.134003 ) (1024 1024 2024.430054 ) 
4 8 44 (1024 1024 -276.134003 ) (1024 1024 2024.430054 ) (102.934998 1024 2024.430054 ) (102.934998 1024 -276.134003 ) 
4 8 11 (1024 1024 -276.134003 ) (102.934998 1024 -276.134003 ) (102.934998 2048 -276.134003 ) (1024 2048 -276.134003 ) 
4 8 10 (102.934998 1024 -274.132996 ) (102.934998 1024 2024.430054 ) (102.934998 1240 2024.430054 ) (102.934998 1240 -274.132996 ) 
4 8 9 (102.934998 2048 -276.134003 ) (102.934998 1240 -276.134003 ) (102.934998 1240 2024.430054 ) (102.934998 2048 2024.430054 ) 
4 9 25 (0 1240 2024.430054 ) (0 2048 2024.430054 ) (0 2048 -276.134003 ) (0 1240 -276.134003 ) 
4 9 12 (0 1240 -276.134003 ) (0 2048 -276.134003 ) (101.050011 2048 -276.134003 ) (101.050011 1240 -276.134003 ) 
4 9 11 (101.050011 2048 -276.134003 ) (102.934998 2048 -276.134003 ) (102.934998 1240 -276.134003 ) (101.050011 1240 -276.134003 ) 
4 9 10 (102.934998 1240 -274.132996 ) (102.934998 1240 2024.430054 ) (0 1240 2024.430054 ) (0 1240 -274.132996 ) 
4 10 72 (0 1024 -273.854004 ) (0 1024 -274.132996 ) (91 1024 -274.132996 ) (91 1024 -273.854004 ) 
4 10 68 (91 1024 -274.132996 ) (102.934998 1024 -274.132996 ) (102.934998 1024 -273.854004 ) (91 1024 -273.854004 ) 
4 10 67 (102.934998 1024 2024.430054 ) (0 1024 2024.430054 ) (0 1024 -273.854004 ) (102.934998 1024 -273.854004 ) 
4 10 26 (0 1024 -274.132996 ) (0 1024 2024.430054 ) (0 1240 2024.430054 ) (0 1240 -274.132996 ) 
4 11 71 (102 1024 -276.134003 ) (101.050011 1024 -276.134003 ) (101.050011 1024 -448.134003 ) (102 1024 -448.134003 ) 
4 11 70 (102.934998 1024 -276.134003 ) (102 1024 -276.134003 ) (102 1024 -448.134003 ) (102.934998 1024 -448.134003 ) 
4 11 46 (565.822998 1024 -276.134003 ) (563.961060 1024 -276.134003 ) (563.961060 1024 -448.134003 ) (565.822998 1024 -448.134003 ) 
4 11 48 (563.961060 1024 -276.134003 ) (102.934998 1024 -276.134003 ) (102.934998 1024 -448.134003 ) (563.961060 1024 -448.134003 ) 
4 11 45 (1024 1024 -448.134003 ) (1024 1024 -276.134003 ) (565.822998 1024 -276.134003 ) (565.822998 1024 -448.134003 ) 
4 11 15 (101.050011 1240 -448.134003 ) (101.050011 2048 -448.134003 ) (102.934998 2048 -448.134003 ) (102.934998 1240 -448.134003 ) 
4 11 14 (1024 2048 -448.134003 ) (1024 1024 -448.134003 ) (102.934998 1024 -448.134003 ) (102.934998 2048 -448.134003 ) 
4 11 12 (101.050011 2048 -448.134003 ) (101.050011 1240 -448.134003 ) (101.050011 1240 -276.134003 ) (101.050011 2048 -276.134003 ) 
4 11 13 (101.050011 1238 -448.134003 ) (101.050011 1024 -448.134003 ) (101.050011 1024 -276.134003 ) (101.050011 1238 -276.134003 ) 
4 12 28 (0 1240 -276.134003 ) (0 2048 -276.134003 ) (0 2048 -448.134003 ) (0 1240 -448.134003 ) 
4 12 15 (0 1240 -448.134003 ) (0 2048 -448.134003 ) (101.050011 2048 -448.134003 ) (101.050011 1240 -448.134003 ) 
4 13 73 (91 1024 -276.134003 ) (0 1024 -276.134003 ) (0 1024 -448.134003 ) (91 1024 -448.134003 ) 
4 13 71 (101.050011 1024 -276.134003 ) (91 1024 -276.134003 ) (91 1024 -448.134003 ) (101.050011 1024 -448.134003 ) 
4 13 29 (0 1024 -448.134003 ) (0 1024 -276.134003 ) (0 1238 -276.134003 ) (0 1238 -448.134003 ) 
4 14 46 (565.822998 1024 -448.134003 ) (563.961060 1024 -448.134003 ) (563.961060 1024 -450.132996 ) (565.822998 1024 -450.132996 ) 
4 14 48 (563.961060 1024 -448.134003 ) (102.934998 1024 -448.134003 ) (102.934998 1024 -450.132996 ) (563.961060 1024 -450.132996 ) 
4 14 45 (1024 1024 -450.132996 ) (1024 1024 -448.134003 ) (565.822998 1024 -448.134003 ) (565.822998 1024 -450.132996 ) 
4 14 16 (1024 1024 -450.132996 ) (102.934998 1024 -450.132996 ) (102.934998 2048 -450.132996 ) (1024 2048 -450.132996 ) 
4 14 15 (102.934998 2048 -450.132996 ) (102.934998 1240 -450.132996 ) (102.934998 1240 -448.134003 ) (102.934998 2048 -448.134003 ) 
4 15 32 (0 1240 -448.134003 ) (0 2048 -448.134003 ) (0 2048 -450.132996 ) (0 1240 -450.132996 ) 
4 15 17 (0 1240 -450.132996 ) (0 2048 -450.132996 ) (91 2048 -450.132996 ) (91 1240 -450.132996 ) 
4 15 16 (91 2048 -450.132996 ) (102.934998 2048 -450.132996 ) (102.934998 1240 -450.132996 ) (91 1240 -450.132996 ) 
4 16 75 (102.934998 1024 -450.132996 ) (91 1024 -450.132996 ) (91 1024 -622 ) (102.934998 1024 -622 ) 
4 16 46 (565.822998 1024 -450.132996 ) (563.961060 1024 -450.132996 ) (563.961060 1024 -622 ) (565.822998 1024 -622 ) 
4 16 48 (563.961060 1024 -450.132996 ) (102.934998 1024 -450.132996 ) (102.934998 1024 -622 ) (563.961060 1024 -622 ) 
4 16 45 (1024 1024 -622 ) (1024 1024 -450.132996 ) (565.822998 1024 -450.132996 ) (565.822998 1024 -622 ) 
4 16 19 (1024 2048 -622 ) (1024 1024 -622 ) (91 1024 -622 ) (91 2048 -622 ) 
4 16 18 (91 1024 -620 ) (91 1024 -450.132996 ) (91 1240 -450.132996 ) (91 1240 -620 ) 
4 16 17 (91 2048 -622 ) (91 1240 -622 ) (91 1240 -450.132996 ) (91 2048 -450.132996 ) 
4 17 34 (0 1240 -450.132996 ) (0 2048 -450.132996 ) (0 2048 -622 ) (0 1240 -622 ) 
4 17 19 (0 1240 -622 ) (0 2048 -622 ) (91 2048 -622 ) (91 1240 -622 ) 
4 17 18 (91 1240 -620 ) (91 1240 -450.132996 ) (0 1240 -450.132996 ) (0 1240 -620 ) 
4 18 76 (91 1024 -450.132996 ) (0 1024 -450.132996 ) (0 1024 -620 ) (91 1024 -620 ) 
4 18 35 (0 1024 -620 ) (0 1024 -450.132996 ) (0 1240 -450.132996 ) (0 1240 -620 ) 
4 19 77 (102.934998 1024 -622 ) (0 1024 -622 ) (0 1024 -4242.049805 ) (102.934998 1024 -4242.049805 ) 
4 19 46 (565.822998 1024 -622 ) (563.961060 1024 -622 ) (563.961060 1024 -4242.049805 ) (565.822998 1024 -4242.049805 ) 
4 19 48 (563.961060 1024 -622 ) (102.934998 1024 -622 ) (102.934998 1024 -4242.049805 ) (563.961060 1024 -4242.049805 ) 
4 19 45 (1024 1024 -4242.049805 ) (1024 1024 -622 ) (565.822998 1024 -622 ) (565.822998 1024 -4242.049805 ) 
4 19 37 (0 1024 -4242.049805 ) (0 1024 -622 ) (0 2048 -622 ) (0 2048 -4242.049805 ) 
4 20 23 (0 3072 -4242.049805 ) (0 3072 2024.430054 ) (-1024 3072 2024.430054 ) (-1024 3072 -4242.049805 ) 
4 20 21 (-1024 3072 -4242.049805 ) (-1024 3072 2024.430054 ) (-1024 3433.909912 2024.430054 ) (-1024 3433.909912 -4242.049805 ) 
4 21 24 (-1024 3072 -4242.049805 ) (-1024 3072 2024.430054 ) (-2048 3072 2024.430054 ) (-2048 3072 -4242.049805 ) 
4 21 22 (-2048 3072 -4242.049805 ) (-2048 3072 2024.430054 ) (-2048 3433.909912 2024.430054 ) (-2048 3433.909912 -4242.049805 ) 
4 22 39 (-2048 3072 -4242.049805 ) (-2048 3072 2024.430054 ) (-2394.810059 3072 2024.430054 ) (-2394.810059 3072 -4242.049805 ) 
4 23 37 (0 2048 -4242.049805 ) (0 2048 -622 ) (-1024 2048 -622 ) (-1024 2048 -4242.049805 ) 
4 23 34 (0 2048 -622 ) (0 2048 -450.132996 ) (-74.907501 2048 -450.132996 ) (-74.907501 2048 -622 ) 
4 23 36 (-74.907501 2048 -450.132996 ) (-1024 2048 -450.132996 ) (-1024 2048 -622 ) (-74.907501 2048 -622 ) 
4 23 32 (0 2048 -450.132996 ) (0 2048 -448.134003 ) (-62.972500 2048 -448.134003 ) (-62.972500 2048 -450.132996 ) 
4 23 33 (-62.972500 2048 -448.134003 ) (-1024 2048 -448.134003 ) (-1024 2048 -450.132996 ) (-62.972500 2048 -450.132996 ) 
4 23 30 (-61.087200 2048 -276.134003 ) (-62.972500 2048 -276.134003 ) (-62.972500 2048 -448.134003 ) (-61.087200 2048 -448.134003 ) 
4 23 31 (-62.972500 2048 -276.134003 ) (-1024 2048 -276.134003 ) (-1024 2048 -448.134003 ) (-62.972500 2048 -448.134003 ) 
4 23 28 (0 2048 -448.134003 ) (0 2048 -276.134003 ) (-61.087200 2048 -276.134003 ) (-61.087200 2048 -448.134003 ) 
4 23 25 (0 2048 -276.134003 ) (0 2048 2024.430054 ) (-62.972500 2048 2024.430054 ) (-62.972500 2048 -276.134003 ) 
4 23 27 (-62.972500 2048 2024.430054 ) (-1024 2048 2024.430054 ) (-1024 2048 -276.134003 ) (-62.972500 2048 -276.134003 ) 
4 23 24 (-1024 3072 2024.430054 ) (-1024 3072 -4242.049805 ) (-1024 2048 -4242.049805 ) (-1024 2048 2024.430054 ) 
4 24 39 (-2048 3072 2024.430054 ) (-2048 3072 -4242.049805 ) (-2048 2048 -4242.049805 ) (-2048 2048 2024.430054 ) 
4 24 38 (-1024 2048 -4242.049805 ) (-1024 2048 2024.430054 ) (-2048 2048 2024.430054 ) (-2048 2048 -4242.049805 ) 
4 25 30 (-62.972500 1240 -276.134003 ) (-62.972500 2048 -276.134003 ) (-61.087200 2048 -276.134003 ) (-61.087200 1240 -276.134003 ) 
4 25 28 (-61.087200 2048 -276.134003 ) (0 2048 -276.134003 ) (0 1240 -276.134003 ) (-61.087200 1240 -276.134003 ) 
4 25 26 (-62.972500 1240 2024.430054 ) (-62.972500 1240 -274.132996 ) (0 1240 -274.132996 ) (0 1240 2024.430054 ) 
4 25 27 (-62.972500 2048 -276.134003 ) (-62.972500 1240 -276.134003 ) (-62.972500 1240 2024.430054 ) (-62.972500 2048 2024.430054 ) 
4 26 205 (-61.087200 1024 2024.430054 ) (-62.972500 1024 2024.430054 ) (-62.972500 1024 -274.132996 ) (-61.087200 1024 -274.132996 ) 
4 26 203 (0 1024 -274.132996 ) (0 1024 2024.430054 ) (-61.087200 1024 2024.430054 ) (-61.087200 1024 -274.132996 ) 
4 26 27 (-62.972500 1024 -274.132996 ) (-62.972500 1024 2024.430054 ) (-62.972500 1240 2024.430054 ) (-62.972500 1240 -274.132996 ) 
4 27 206 (-1024 1024 -274.118011 ) (-1024 1024 -276.134003 ) (-62.972500 1024 -276.134003 ) (-62.972500 1024 -274.118011 ) 
4 27 205 (-62.972500 1024 2024.430054 ) (-1024 1024 2024.430054 ) (-1024 1024 -274.118011 ) (-62.972500 1024 -274.118011 ) 
4 27 38 (-1024 2048 2024.430054 ) (-1024 2048 -276.134003 ) (-1024 1024 -276.134003 ) (-1024 1024 2024.430054 ) 
4 27 31 (-62.972500 1024 -276.134003 ) (-1024 1024 -276.134003 ) (-1024 2048 -276.134003 ) (-62.972500 2048 -276.134003 ) 
4 28 32 (-61.087200 2048 -448.134003 ) (0 2048 -448.134003 ) (0 1240 -448.134003 ) (-61.087200 1240 -448.134003 ) 
4 28 30 (-61.087200 2048 -448.134003 ) (-61.087200 1240 -448.134003 ) (-61.087200 1240 -276.134003 ) (-61.087200 2048 -276.134003 ) 
4 29 204 (0 1024 -448.134003 ) (0 1024 -276.134003 ) (-61.087200 1024 -276.134003 ) (-61.087200 1024 -448.134003 ) 
4 30 32 (-62.972500 2048 -448.134003 ) (-61.087200 2048 -448.134003 ) (-61.087200 1240 -448.134003 ) (-62.972500 1240 -448.134003 ) 
4 30 31 (-62.972500 2048 -448.134003 ) (-62.972500 1238.699951 -448.134003 ) (-62.972500 1238.699951 -276.134003 ) (-62.972500 2048 -276.134003 ) 
4 31 206 (-62.972500 1024 -276.134003 ) (-1024 1024 -276.134003 ) (-1024 1024 -448.134003 ) (-62.972500 1024 -448.134003 ) 
4 31 38 (-1024 2048 -276.134003 ) (-1024 2048 -448.134003 ) (-1024 1024 -448.134003 ) (-1024 1024 -276.134003 ) 
4 31 33 (-1024 2048 -448.134003 ) (-62.972500 2048 -448.134003 ) (-62.972500 1024 -448.134003 ) (-1024 1024 -448.134003 ) 
4 32 34 (-62.972500 1240 -450.132996 ) (-62.972500 2048 -450.132996 ) (0 2048 -450.132996 ) (0 1240 -450.132996 ) 
4 32 33 (-62.972500 2048 -450.132996 ) (-62.972500 1240 -450.132996 ) (-62.972500 1240 -448.134003 ) (-62.972500 2048 -448.134003 ) 
4 33 207 (-62.972500 1024 -448.134003 ) (-1024 1024 -448.134003 ) (-1024 1024 -450.132996 ) (-62.972500 1024 -450.132996 ) 
4 33 38 (-1024 2048 -448.134003 ) (-1024 2048 -450.132996 ) (-1024 1024 -450.132996 ) (-1024 1024 -448.134003 ) 
4 33 35 (-62.972500 1024 -450.132996 ) (-74.907501 1024 -450.132996 ) (-74.907501 1240 -450.132996 ) (-62.972500 1240 -450.132996 ) 
4 33 34 (-74.907501 1240 -450.132996 ) (-74.907501 2048 -450.132996 ) (-62.972500 2048 -450.132996 ) (-62.972500 1240 -450.132996 ) 
4 33 36 (-74.907501 1024 -450.132996 ) (-1024 1024 -450.132996 ) (-1024 2048 -450.132996 ) (-74.907501 2048 -450.132996 ) 
4 34 37 (-74.907501 2048 -622 ) (0 2048 -622 ) (0 1240 -622 ) (-74.907501 1240 -622 ) 
4 34 35 (-74.907501 1240 -450.132996 ) (-74.907501 1240 -620 ) (0 1240 -620 ) (0 1240 -450.132996 ) 
4 34 36 (-74.907501 2048 -622 ) (-74.907501 1240 -622 ) (-74.907501 1240 -450.132996 ) (-74.907501 2048 -450.132996 ) 
4 35 208 (0 1024 -620 ) (0 1024 -450.132996 ) (-74.907501 1024 -450.132996 ) (-74.907501 1024 -620 ) 
4 35 36 (-74.907501 1024 -620 ) (-74.907501 1024 -450.132996 ) (-74.907501 1240 -450.132996 ) (-74.907501 1240 -620 ) 
4 36 209 (-74.907501 1024 -450.132996 ) (-1024 1024 -450.132996 ) (-1024 1024 -622 ) (-74.907501 1024 -622 ) 
4 36 38 (-1024 2048 -450.132996 ) (-1024 2048 -622 ) (-1024 1024 -622 ) (-1024 1024 -450.132996 ) 
4 36 37 (-1024 2048 -622 ) (-74.907501 2048 -622 ) (-74.907501 1024 -622 ) (-1024 1024 -622 ) 
4 37 210 (0 1024 -4242.049805 ) (0 1024 -622 ) (-1024 1024 -622 ) (-1024 1024 -4242.049805 ) 
4 37 38 (-1024 2048 -622 ) (-1024 2048 -4242.049805 ) (-1024 1024 -4242.049805 ) (-1024 1024 -622 ) 
4 38 211 (-1024 1024 -4242.049805 ) (-1024 1024 2024.430054 ) (-2048 1024 2024.430054 ) (-2048 1024 -4242.049805 ) 
4 38 40 (-2048 1024 -4242.049805 ) (-2048 1024 2024.430054 ) (-2048 2048 2024.430054 ) (-2048 2048 -4242.049805 ) 
4 39 40 (-2048 2048 -4242.049805 ) (-2048 2048 2024.430054 ) (-2394.810059 2048 2024.430054 ) (-2394.810059 2048 -4242.049805 ) 
4 40 277 (-2048 1024 -4242.049805 ) (-2048 1024 2024.430054 ) (-2394.810059 1024 2024.430054 ) (-2394.810059 1024 -4242.049805 ) 
4 41 43 (2048 1024 2024.430054 ) (2048 1024 -4242.049805 ) (2048 0 -4242.049805 ) (2048 0 2024.430054 ) 
4 41 42 (2518.810059 0 2024.430054 ) (2048 0 2024.430054 ) (2048 0 -4242.049805 ) (2518.810059 0 -4242.049805 ) 
4 42 197 (2518.810059 -1024 2024.430054 ) (2048 -1024 2024.430054 ) (2048 -1024 -4242.049805 ) (2518.810059 -1024 -4242.049805 ) 
4 42 78 (2048 -1024 -4242.049805 ) (2048 -1024 2024.430054 ) (2048 0 2024.430054 ) (2048 0 -4242.049805 ) 
4 43 78 (2048 0 -4242.049805 ) (2048 0 2024.430054 ) (1024 0 2024.430054 ) (1024 0 -4242.049805 ) 
4 43 58 (1024 128 -4242.049805 ) (1024 0 -4242.049805 ) (1024 0 -275.960022 ) (1024 128 -275.960022 ) 
4 43 57 (1024 0 -275.960022 ) (1024 0 2024.430054 ) (1024 128 2024.430054 ) (1024 128 -275.960022 ) 
4 43 45 (1024 1024 -275.960022 ) (1024 1024 -4242.049805 ) (1024 128 -4242.049805 ) (1024 128 -275.960022 ) 
4 43 44 (1024 1024 2024.430054 ) (1024 1024 -275.960022 ) (1024 128 -275.960022 ) (1024 128 2024.430054 ) 
4 44 68 (102.934998 128 -274.132996 ) (102.934998 128 -273.854004 ) (102.934998 1024 -273.854004 ) (102.934998 1024 -274.132996 ) 
4 44 67 (102.934998 128 -273.854004 ) (102.934998 128 2024.430054 ) (102.934998 1024 2024.430054 ) (102.934998 1024 -273.854004 ) 
4 44 57 (102.934998 128 2024.430054 ) (102.934998 128 -275.960022 ) (1024 128 -275.960022 ) (1024 128 2024.430054 ) 
4 44 54 (563.961060 128 -275.960022 ) (102.934998 128 -275.960022 ) (102.934998 319 -275.960022 ) (563.961060 319 -275.960022 ) 
4 44 49 (102.934998 319 -275.960022 ) (102.934998 320 -275.960022 ) (563.961060 320 -275.960022 ) (563.961060 319 -275.960022 ) 
4 44 46 (563.961060 1024 -275.960022 ) (565.822998 1024 -275.960022 ) (565.822998 322 -275.960022 ) (563.961060 322 -275.960022 ) 
4 44 48 (102.934998 320 -275.960022 ) (102.934998 1024 -275.960022 ) (563.961060 1024 -275.960022 ) (563.961060 320 -275.960022 ) 
4 44 45 (1024 128 -275.960022 ) (565.822998 128 -275.960022 ) (565.822998 1024 -275.960022 ) (1024 1024 -275.960022 ) 
4 45 58 (565.822998 128 -4242.049805 ) (1024 128 -4242.049805 ) (1024 128 -275.960022 ) (565.822998 128 -275.960022 ) 
4 45 56 (565.822998 320 -4242.049805 ) (565.822998 128 -4242.049805 ) (565.822998 128 -620.653015 ) (565.822998 320 -620.653015 ) 
4 45 47 (565.822998 322 -4242.049805 ) (565.822998 320 -4242.049805 ) (565.822998 320 -448.299988 ) (565.822998 322 -448.299988 ) 
4 45 46 (565.822998 1024 -4242.049805 ) (565.822998 322 -4242.049805 ) (565.822998 322 -275.960022 ) (565.822998 1024 -275.960022 ) 
4 46 47 (563.961060 322 -448.299988 ) (563.961060 322 -4242.049805 ) (565.822998 322 -4242.049805 ) (565.822998 322 -448.299988 ) 
4 46 48 (563.961060 1024 -4242.049805 ) (563.961060 322 -4242.049805 ) (563.961060 322 -275.960022 ) (563.961060 1024 -275.960022 ) 
4 47 56 (563.961060 320 -4242.049805 ) (565.822998 320 -4242.049805 ) (565.822998 320 -620.653015 ) (563.961060 320 -620.653015 ) 
4 47 48 (563.961060 322 -4242.049805 ) (563.961060 320 -4242.049805 ) (563.961060 320 -448.299988 ) (563.961060 322 -448.299988 ) 
4 48 77 (102.934998 1024 -622 ) (102.934998 1024 -4242.049805 ) (102.934998 320 -4242.049805 ) (102.934998 320 -622 ) 
4 48 75 (102.934998 1024 -450.132996 ) (102.934998 1024 -622 ) (102.934998 320 -622 ) (102.934998 320 -450.132996 ) 
4 48 70 (102.934998 320 -275.960022 ) (102.934998 1024 -275.960022 ) (102.934998 1024 -448.134003 ) (102.934998 320 -448.134003 ) 
4 48 53 (563.961060 320 -620.653015 ) (563.961060 320 -620 ) (102.934998 320 -620 ) (102.934998 320 -620.653015 ) 
4 48 52 (563.961060 320 -620 ) (563.961060 320 -448.299988 ) (102.934998 320 -448.299988 ) (102.934998 320 -620 ) 
4 48 51 (563.961060 320 -448.299988 ) (563.961060 320 -448 ) (102.934998 320 -448 ) (102.934998 320 -448.299988 ) 
4 48 50 (563.961060 320 -448 ) (563.961060 320 -275.960022 ) (102.934998 320 -275.960022 ) (102.934998 320 -448 ) 
4 48 56 (102.934998 320 -4242.049805 ) (563.961060 320 -4242.049805 ) (563.961060 320 -620.653015 ) (102.934998 320 -620.653015 ) 
4 49 50 (102.934998 320 -276.134003 ) (563.961060 320 -276.134003 ) (563.961060 319 -276.134003 ) (102.934998 319 -276.134003 ) 
4 50 70 (102.934998 319 -275.960022 ) (102.934998 320 -275.960022 ) (102.934998 320 -448 ) (102.934998 319 -448 ) 
4 50 54 (563.961060 319 -275.960022 ) (102.934998 319 -275.960022 ) (102.934998 319 -448 ) (563.961060 319 -448 ) 
4 50 51 (102.934998 320 -448 ) (563.961060 320 -448 ) (563.961060 319 -448 ) (102.934998 319 -448 ) 
4 51 54 (102.934998 319 -448 ) (102.934998 319 -448.299988 ) (563.961060 319 -448.299988 ) (563.961060 319 -448 ) 
4 51 52 (563.961060 319 -448.299988 ) (102.934998 319 -448.299988 ) (102.934998 320 -448.299988 ) (563.961060 320 -448.299988 ) 
4 52 75 (102.934998 320 -450.132996 ) (102.934998 320 -620 ) (102.934998 319 -620 ) (102.934998 319 -450.132996 ) 
4 52 55 (563.942993 319 -620 ) (563.942993 319 -448.299988 ) (102.934998 319 -448.299988 ) (102.934998 319 -620 ) 
4 52 53 (102.934998 320 -620 ) (563.942993 320 -620 ) (563.942993 319 -620 ) (102.934998 319 -620 ) 
4 53 75 (102.934998 320 -620 ) (102.934998 320 -620.653015 ) (102.934998 319 -620.653015 ) (102.934998 319 -620 ) 
4 53 55 (102.934998 319 -620.653015 ) (563.942993 319 -620.653015 ) (563.942993 319 -620 ) (102.934998 319 -620 ) 
4 53 56 (102.934998 320 -620.653015 ) (563.942993 320 -620.653015 ) (563.942993 319 -620.653015 ) (102.934998 319 -620.653015 ) 
4 54 70 (102.934998 128 -448 ) (102.934998 128 -275.960022 ) (102.934998 319 -275.960022 ) (102.934998 319 -448 ) 
4 54 74 (102.934998 128 -448.299988 ) (102.934998 128 -448 ) (102.934998 319 -448 ) (102.934998 319 -448.299988 ) 
4 54 61 (102.934998 128 -448 ) (102.934998 128 -448.299988 ) (563.961060 128 -448.299988 ) (563.961060 128 -448 ) 
4 54 60 (102.934998 128 -275.960022 ) (102.934998 128 -448 ) (563.961060 128 -448 ) (563.961060 128 -275.960022 ) 
4 54 55 (102.934998 319 -448.299988 ) (563.961060 319 -448.299988 ) (563.961060 128 -448.299988 ) (102.934998 128 -448.299988 ) 
4 55 75 (102.934998 128 -620.653015 ) (102.934998 128 -450.132996 ) (102.934998 319 -450.132996 ) (102.934998 319 -620.653015 ) 
4 55 63 (102.934998 128 -448.299988 ) (102.934998 128 -620 ) (563.942993 128 -620 ) (563.942993 128 -448.299988 ) 
4 55 66 (102.934998 128 -620 ) (102.934998 128 -620.653015 ) (563.942993 128 -620.653015 ) (563.942993 128 -620 ) 
4 55 56 (563.942993 128 -620.653015 ) (102.934998 128 -620.653015 ) (102.934998 319 -620.653015 ) (563.942993 319 -620.653015 ) 
4 56 77 (102.934998 128 -4242.049805 ) (102.934998 128 -622 ) (102.934998 320 -622 ) (102.934998 320 -4242.049805 ) 
4 56 75 (102.934998 128 -622 ) (102.934998 128 -620.653015 ) (102.934998 320 -620.653015 ) (102.934998 320 -622 ) 
4 56 66 (102.934998 128 -620.653015 ) (102.934998 128 -4242.049805 ) (565.822998 128 -4242.049805 ) (565.822998 128 -620.653015 ) 
4 57 80 (565.822998 0 2024.430054 ) (563.961060 0 2024.430054 ) (563.961060 0 -275.960022 ) (565.822998 0 -275.960022 ) 
4 57 79 (1024 0 -275.960022 ) (1024 0 2024.430054 ) (565.822998 0 2024.430054 ) (565.822998 0 -275.960022 ) 
4 57 82 (563.961060 0 2024.430054 ) (102.934998 0 2024.430054 ) (102.934998 0 -275.960022 ) (563.961060 0 -275.960022 ) 
4 57 69 (102.934998 0 -274.132996 ) (102.934998 0 -273.854004 ) (102.934998 126 -273.854004 ) (102.934998 126 -274.132996 ) 
4 57 68 (102.934998 126 -273.854004 ) (102.934998 128 -273.854004 ) (102.934998 128 -274.132996 ) (102.934998 126 -274.132996 ) 
4 57 67 (102.934998 0 -273.854004 ) (102.934998 0 2024.430054 ) (102.934998 128 2024.430054 ) (102.934998 128 -273.854004 ) 
4 57 65 (102.934998 0 -275.960022 ) (102.934998 127 -275.960022 ) (563.961060 127 -275.960022 ) (563.961060 0 -275.960022 ) 
4 57 59 (102.934998 127 -275.960022 ) (102.934998 128 -275.960022 ) (564 128 -275.960022 ) (564 127 -275.960022 ) 
4 57 58 (565.822998 128 -275.960022 ) (1024 128 -275.960022 ) (1024 0 -275.960022 ) (565.822998 0 -275.960022 ) 
4 58 91 (1024 0 -4242.049805 ) (1024 0 -622 ) (565.822998 0 -622 ) (565.822998 0 -4242.049805 ) 
4 58 89 (1024 0 -622 ) (1024 0 -450.132996 ) (565.822998 0 -450.132996 ) (565.822998 0 -622 ) 
4 58 79 (1024 0 -450.132996 ) (1024 0 -275.960022 ) (565.822998 0 -275.960022 ) (565.822998 0 -450.132996 ) 
4 58 64 (565.822998 0 -620 ) (565.822998 0 -448.299988 ) (565.822998 127 -448.299988 ) (565.822998 127 -620 ) 
4 58 62 (565.822998 128 -448.299988 ) (565.822998 128 -620 ) (565.822998 127 -620 ) (565.822998 127 -448.299988 ) 
4 58 66 (565.822998 128 -4242.049805 ) (565.822998 0 -4242.049805 ) (565.822998 0 -620 ) (565.822998 128 -620 ) 
4 59 60 (102.934998 128 -276.134003 ) (564 128 -276.134003 ) (564 127 -276.134003 ) (102.934998 127 -276.134003 ) 
4 60 70 (102.934998 127 -275.960022 ) (102.934998 128 -275.960022 ) (102.934998 128 -448 ) (102.934998 127 -448 ) 
4 60 65 (564 127 -275.960022 ) (102.934998 127 -275.960022 ) (102.934998 127 -448 ) (564 127 -448 ) 
4 60 61 (102.934998 128 -448 ) (564 128 -448 ) (564 127 -448 ) (102.934998 127 -448 ) 
4 61 65 (102.934998 127 -448 ) (102.934998 127 -448.299988 ) (564 127 -448.299988 ) (564 127 -448 ) 
4 61 63 (564 127 -448.299988 ) (102.934998 127 -448.299988 ) (102.934998 128 -448.299988 ) (564 128 -448.299988 ) 
4 62 64 (564 127 -620 ) (565.822998 127 -620 ) (565.822998 127 -448.299988 ) (564 127 -448.299988 ) 
4 62 66 (564 128 -620 ) (565.822998 128 -620 ) (565.822998 127 -620 ) (564 127 -620 ) 
4 62 63 (564 128 -620 ) (564 127 -620 ) (564 127 -448.299988 ) (564 128 -448.299988 ) 
4 63 75 (102.934998 128 -450.132996 ) (102.934998 128 -620 ) (102.934998 127 -620 ) (102.934998 127 -450.132996 ) 
4 63 65 (102.934998 127 -620 ) (564 127 -620 ) (564 127 -448.299988 ) (102.934998 127 -448.299988 ) 
4 63 66 (102.934998 127 -620 ) (102.934998 128 -620 ) (564 128 -620 ) (564 127 -620 ) 
4 64 89 (563.961060 0 -450.132996 ) (563.961060 0 -620 ) (565.822998 0 -620 ) (565.822998 0 -450.132996 ) 
4 64 81 (563.961060 0 -448.299988 ) (563.961060 0 -450.132996 ) (565.822998 0 -450.132996 ) (565.822998 0 -448.299988 ) 
4 64 65 (563.961060 127 -448.299988 ) (563.961060 127 -620 ) (563.961060 0 -620 ) (563.961060 0 -448.299988 ) 
4 64 66 (563.961060 127 -620 ) (565.822998 127 -620 ) (565.822998 0 -620 ) (563.961060 0 -620 ) 
4 65 89 (102.934998 0 -450.132996 ) (102.934998 0 -620 ) (563.961060 0 -620 ) (563.961060 0 -450.132996 ) 
4 65 82 (563.961060 0 -275.960022 ) (102.934998 0 -275.960022 ) (102.934998 0 -450.132996 ) (563.961060 0 -450.132996 ) 
4 65 75 (102.934998 0 -620 ) (102.934998 0 -450.132996 ) (102.934998 127 -450.132996 ) (102.934998 127 -620 ) 
4 65 70 (102.934998 0 -448.134003 ) (102.934998 0 -275.960022 ) (102.934998 127 -275.960022 ) (102.934998 127 -448.134003 ) 
4 65 66 (102.934998 0 -620 ) (102.934998 127 -620 ) (563.961060 127 -620 ) (563.961060 0 -620 ) 
4 66 91 (102.934998 0 -622 ) (102.934998 0 -4242.049805 ) (565.822998 0 -4242.049805 ) (565.822998 0 -622 ) 
4 66 89 (102.934998 0 -620 ) (102.934998 0 -622 ) (565.822998 0 -622 ) (565.822998 0 -620 ) 
4 66 77 (102.934998 0 -4242.049805 ) (102.934998 0 -622 ) (102.934998 128 -622 ) (102.934998 128 -4242.049805 ) 
4 66 75 (102.934998 0 -622 ) (102.934998 0 -620 ) (102.934998 128 -620 ) (102.934998 128 -622 ) 
4 67 203 (0 1024 2024.430054 ) (0 1024 -273.854004 ) (0 0 -273.854004 ) (0 0 2024.430054 ) 
4 67 83 (102.934998 0 -273.854004 ) (102.934998 0 2024.430054 ) (0 0 2024.430054 ) (0 0 -273.854004 ) 
4 67 72 (0 1024 -273.854004 ) (91 1024 -273.854004 ) (91 0 -273.854004 ) (0 0 -273.854004 ) 
4 67 69 (102.934998 126 -273.854004 ) (102.934998 0 -273.854004 ) (102 0 -273.854004 ) (102 126 -273.854004 ) 
4 67 68 (91 1024 -273.854004 ) (102.934998 1024 -273.854004 ) (102.934998 126 -273.854004 ) (91 126 -273.854004 ) 
4 68 72 (91 126 -273.854004 ) (91 1024 -273.854004 ) (91 1024 -274.132996 ) (91 126 -274.132996 ) 
4 68 69 (102 126 -274.132996 ) (102.934998 126 -274.132996 ) (102.934998 126 -273.854004 ) (102 126 -273.854004 ) 
4 69 84 (102.934998 0 -274.132996 ) (102.934998 0 -273.854004 ) (102 0 -273.854004 ) (102 0 -274.132996 ) 
4 70 85 (102.934998 0 -448.134003 ) (102.934998 0 -276.134003 ) (102 0 -276.134003 ) (102 0 -448.134003 ) 
4 70 71 (102 1024 -448 ) (102 126 -448 ) (102 126 -276.134003 ) (102 1024 -276.134003 ) 
4 70 74 (102 1024 -448 ) (102.934998 1024 -448 ) (102.934998 0 -448 ) (102 0 -448 ) 
4 71 73 (91 1024 -448 ) (91 126 -448 ) (91 126 -276.134003 ) (91 1024 -276.134003 ) 
4 71 74 (91 1024 -448 ) (102 1024 -448 ) (102 126 -448 ) (91 126 -448 ) 
4 72 203 (0 1024 -273.854004 ) (0 1024 -274.132996 ) (0 0 -274.132996 ) (0 0 -273.854004 ) 
4 72 86 (91 0 -273.854004 ) (0 0 -273.854004 ) (0 0 -274.132996 ) (91 0 -274.132996 ) 
4 73 204 (0 1024 -276.134003 ) (0 1024 -448.134003 ) (0 0 -448.134003 ) (0 0 -276.134003 ) 
4 73 87 (0 0 -276.134003 ) (0 0 -448.134003 ) (91 0 -448.134003 ) (91 0 -276.134003 ) 
4 73 74 (0 0 -448 ) (0 1024 -448 ) (91 1024 -448 ) (91 0 -448 ) 
4 75 89 (102.934998 0 -622 ) (102.934998 0 -450.132996 ) (91 0 -450.132996 ) (91 0 -622 ) 
4 75 77 (91 1024 -622 ) (102.934998 1024 -622 ) (102.934998 0 -622 ) (91 0 -622 ) 
4 75 76 (91 0 -620 ) (91 0 -450.132996 ) (91 1024 -450.132996 ) (91 1024 -620 ) 
4 76 208 (0 1024 -450.132996 ) (0 1024 -620 ) (0 0 -620 ) (0 0 -450.132996 ) 
4 76 90 (91 0 -450.132996 ) (0 0 -450.132996 ) (0 0 -620 ) (91 0 -620 ) 
4 77 210 (0 1024 -622 ) (0 1024 -4242.049805 ) (0 0 -4242.049805 ) (0 0 -622 ) 
4 77 91 (102.934998 0 -4242.049805 ) (102.934998 0 -622 ) (0 0 -622 ) (0 0 -4242.049805 ) 
4 78 199 (2048 -1024 -4242.049805 ) (2048 -1024 2024.430054 ) (1024 -1024 2024.430054 ) (1024 -1024 -4242.049805 ) 
4 78 196 (1024 -256 -4242.049805 ) (1024 -1024 -4242.049805 ) (1024 -1024 2024.430054 ) (1024 -256 2024.430054 ) 
4 78 92 (1024 -64 -4242.049805 ) (1024 -256 -4242.049805 ) (1024 -256 2024.430054 ) (1024 -64 2024.430054 ) 
4 78 91 (1024 0 -622 ) (1024 0 -4242.049805 ) (1024 -64 -4242.049805 ) (1024 -64 -622 ) 
4 78 89 (1024 0 -450.132996 ) (1024 0 -622 ) (1024 -64 -622 ) (1024 -64 -450.132996 ) 
4 78 79 (1024 0 2024.430054 ) (1024 0 -450.132996 ) (1024 -64 -450.132996 ) (1024 -64 2024.430054 ) 
4 79 98 (565.822998 -64 -275.973999 ) (565.822998 -64 -276.665985 ) (569.853027 -64 -276.665985 ) (569.853027 -64 -275.973999 ) 
4 79 99 (565.822998 -64 -449 ) (565.822998 -64 -450.132996 ) (569.853027 -64 -450.132996 ) (569.853027 -64 -449 ) 
4 79 94 (565.822998 -64 -273.854004 ) (565.822998 -64 -275.973999 ) (569.853027 -64 -275.973999 ) (569.853027 -64 -273.854004 ) 
4 79 93 (569.853027 -64 2024.430054 ) (565.822998 -64 2024.430054 ) (565.822998 -64 -273.854004 ) (569.853027 -64 -273.854004 ) 
4 79 92 (1024 -64 -450.132996 ) (1024 -64 2024.430054 ) (569.853027 -64 2024.430054 ) (569.853027 -64 -450.132996 ) 
4 79 89 (1024 -64 -450.132996 ) (565.822998 -64 -450.132996 ) (565.822998 0 -450.132996 ) (1024 0 -450.132996 ) 
4 79 80 (565.822998 -64 -275.960022 ) (565.822998 -64 2024.430054 ) (565.822998 0 2024.430054 ) (565.822998 0 -275.960022 ) 
4 79 81 (565.822998 0 -450.132996 ) (565.822998 -64 -450.132996 ) (565.822998 -64 -448.299988 ) (565.822998 0 -448.299988 ) 
4 80 95 (563.961060 -64 -273.854004 ) (563.961060 -64 -274.132996 ) (565.822998 -64 -274.132996 ) (565.822998 -64 -273.854004 ) 
4 80 93 (565.822998 -64 2024.430054 ) (563.961060 -64 2024.430054 ) (563.961060 -64 -273.854004 ) (565.822998 -64 -273.854004 ) 
4 80 82 (563.961060 -64 -275.960022 ) (563.961060 -64 2024.430054 ) (563.961060 0 2024.430054 ) (563.961060 0 -275.960022 ) 
4 81 89 (565.822998 -64 -450.132996 ) (563.961060 -64 -450.132996 ) (563.961060 0 -450.132996 ) (565.822998 0 -450.132996 ) 
4 81 82 (563.961060 0 -450.132996 ) (563.961060 -64 -450.132996 ) (563.961060 -64 -448.299988 ) (563.961060 0 -448.299988 ) 
4 82 124 (102.934998 -64 -275.973999 ) (102.934998 -64 -276.665985 ) (498.765350 -64 -276.665985 ) (498.765350 -64 -275.973999 ) 
4 82 101 (563.961060 -64 -276.665985 ) (563.961060 -64 -275.973999 ) (498.765350 -64 -275.973999 ) (498.765350 -64 -276.665985 ) 
4 82 95 (102.934998 -64 -273.854004 ) (102.934998 -64 -274.132996 ) (563.961060 -64 -274.132996 ) (563.961060 -64 -273.854004 ) 
4 82 93 (563.961060 -64 2024.430054 ) (102.934998 -64 2024.430054 ) (102.934998 -64 -273.854004 ) (563.961060 -64 -273.854004 ) 
4 82 89 (563.961060 -64 -450.132996 ) (102.934998 -64 -450.132996 ) (102.934998 0 -450.132996 ) (563.961060 0 -450.132996 ) 
4 82 85 (102.934998 -64 -448.134003 ) (102.934998 -64 -276.134003 ) (102.934998 0 -276.134003 ) (102.934998 0 -448.134003 ) 
4 82 84 (102.934998 -64 -274.132996 ) (102.934998 -64 -273.854004 ) (102.934998 0 -273.854004 ) (102.934998 0 -274.132996 ) 
4 82 83 (102.934998 -64 -273.854004 ) (102.934998 -64 2024.430054 ) (102.934998 0 2024.430054 ) (102.934998 0 -273.854004 ) 
4 83 212 (0 -64 -273.854004 ) (0 -64 2024.430054 ) (0 0 2024.430054 ) (0 0 -273.854004 ) 
4 83 93 (0 -64 2024.430054 ) (0 -64 -273.854004 ) (102.934998 -64 -273.854004 ) (102.934998 -64 2024.430054 ) 
4 83 86 (91 -64 -273.854004 ) (0 -64 -273.854004 ) (0 0 -273.854004 ) (91 0 -273.854004 ) 
4 83 84 (102.934998 0 -273.854004 ) (102.934998 -64 -273.854004 ) (102 -64 -273.854004 ) (102 0 -273.854004 ) 
4 84 95 (102.934998 -64 -274.132996 ) (102.934998 -64 -273.854004 ) (102 -64 -273.854004 ) (102 -64 -274.132996 ) 
4 85 124 (102.934998 -64 -276.665985 ) (102.934998 -64 -276.134003 ) (102 -64 -276.134003 ) (102 -64 -276.665985 ) 
4 85 88 (102 0 -448 ) (102.934998 0 -448 ) (102.934998 -64 -448 ) (102 -64 -448 ) 
4 86 212 (0 -64 -274.132996 ) (0 -64 -273.854004 ) (0 0 -273.854004 ) (0 0 -274.132996 ) 
4 86 97 (0 -64 -273.854004 ) (0 -64 -274.132996 ) (91 -64 -274.132996 ) (91 -64 -273.854004 ) 
4 87 213 (0 -64 -448.134003 ) (0 -64 -276.134003 ) (0 0 -276.134003 ) (0 0 -448.134003 ) 
4 87 182 (0 -64 -276.134003 ) (0 -64 -448.134003 ) (91 -64 -448.134003 ) (91 -64 -276.134003 ) 
4 87 88 (0 0 -448 ) (91 0 -448 ) (91 -64 -448 ) (0 -64 -448 ) 
4 89 180 (91 -64 -452 ) (91 -64 -620.023071 ) (102 -64 -620.023071 ) (102 -64 -452 ) 
4 89 179 (102 -64 -450.132996 ) (91 -64 -450.132996 ) (91 -64 -452 ) (102 -64 -452 ) 
4 89 138 (102 -64 -452 ) (102 -64 -620.023071 ) (498.765350 -64 -620.023071 ) (498.765350 -64 -452 ) 
4 89 137 (498.765350 -64 -450.132996 ) (102 -64 -450.132996 ) (102 -64 -452 ) (498.765350 -64 -452 ) 
4 89 123 (498.765350 -64 -452 ) (498.765350 -64 -620.023071 ) (563.812012 -64 -620.023071 ) (563.812012 -64 -452 ) 
4 89 122 (563.812012 -64 -450.132996 ) (498.765350 -64 -450.132996 ) (498.765350 -64 -452 ) (563.812012 -64 -452 ) 
4 89 108 (563.812012 -64 -452 ) (563.812012 -64 -620.023071 ) (566 -64 -620.023071 ) (566 -64 -452 ) 
4 89 106 (565.674011 -64 -450.132996 ) (563.812012 -64 -450.132996 ) (563.812012 -64 -452 ) (565.674011 -64 -452 ) 
4 89 105 (566 -64 -450.132996 ) (565.674011 -64 -450.132996 ) (565.674011 -64 -452 ) (566 -64 -452 ) 
4 89 99 (569.853027 -64 -450.132996 ) (566 -64 -450.132996 ) (566 -64 -620.023071 ) (569.853027 -64 -620.023071 ) 
4 89 92 (1024 -64 -622 ) (1024 -64 -450.132996 ) (569.853027 -64 -450.132996 ) (569.853027 -64 -622 ) 
4 89 91 (1024 -64 -622 ) (91 -64 -622 ) (91 0 -622 ) (1024 0 -622 ) 
4 89 90 (91 -64 -620 ) (91 -64 -450.132996 ) (91 0 -450.132996 ) (91 0 -620 ) 
4 90 216 (0 -64 -620 ) (0 -64 -450.132996 ) (0 0 -450.132996 ) (0 0 -620 ) 
4 90 184 (0 -64 -452 ) (0 -64 -620 ) (91 -64 -620 ) (91 -64 -452 ) 
4 90 183 (91 -64 -450.132996 ) (0 -64 -450.132996 ) (0 -64 -452 ) (91 -64 -452 ) 
4 91 218 (0 -64 -4242.049805 ) (0 -64 -622 ) (0 0 -622 ) (0 0 -4242.049805 ) 
4 91 195 (0 -64 -1698 ) (0 -64 -4242.049805 ) (565.822998 -64 -4242.049805 ) (565.822998 -64 -1698 ) 
4 91 194 (0 -64 -1696 ) (0 -64 -1698 ) (565.822998 -64 -1698 ) (565.822998 -64 -1696 ) 
4 91 193 (565.822998 -64 -4242.049805 ) (569.853027 -64 -4242.049805 ) (569.853027 -64 -1696 ) (565.822998 -64 -1696 ) 
4 91 190 (563.828003 -64 -622 ) (0 -64 -622 ) (0 -64 -1696 ) (563.828003 -64 -1696 ) 
4 91 188 (565.822998 -64 -622 ) (563.828003 -64 -622 ) (563.828003 -64 -1696 ) (565.822998 -64 -1696 ) 
4 91 187 (569.853027 -64 -622 ) (565.822998 -64 -622 ) (565.822998 -64 -1696 ) (569.853027 -64 -1696 ) 
4 91 92 (1024 -64 -4242.049805 ) (1024 -64 -622 ) (569.853027 -64 -622 ) (569.853027 -64 -4242.049805 ) 
4 92 196 (569.853027 -256 -4242.049805 ) (1024 -256 -4242.049805 ) (1024 -256 2024.430054 ) (569.853027 -256 2024.430054 ) 
4 92 186 (569.853027 -64 -4242.049805 ) (569.853027 -256 -4242.049805 ) (569.853027 -256 -620.023071 ) (569.853027 -64 -620.023071 ) 
4 92 98 (569.853027 -65.875000 -275.973999 ) (569.853027 -64 -275.973999 ) (569.853027 -64 -276.665985 ) (569.853027 -65.875000 -276.665985 ) 
4 92 99 (569.853027 -64 -449 ) (569.853027 -64 -620.023071 ) (569.853027 -65.875000 -620.023071 ) (569.853027 -65.875000 -449 ) 
4 92 100 (569.853027 -256 -620.023071 ) (569.853027 -256 -275.973999 ) (569.853027 -65.875000 -275.973999 ) (569.853027 -65.875000 -620.023071 ) 
4 92 94 (569.853027 -256 -275.973999 ) (569.853027 -256 -273.854004 ) (569.853027 -64 -273.854004 ) (569.853027 -64 -275.973999 ) 
4 92 93 (569.853027 -256 -273.854004 ) (569.853027 -256 2024.430054 ) (569.853027 -64 2024.430054 ) (569.853027 -64 -273.854004 ) 
4 93 219 (0 -64 2024.430054 ) (0 -64 -273.854004 ) (0 -256 -273.854004 ) (0 -256 2024.430054 ) 
4 93 196 (569.853027 -256 -273.854004 ) (569.853027 -256 2024.430054 ) (0 -256 2024.430054 ) (0 -256 -273.854004 ) 
4 93 97 (0 -64 -273.854004 ) (91 -64 -273.854004 ) (91 -256 -273.854004 ) (0 -256 -273.854004 ) 
4 93 96 (102 -66 -273.854004 ) (102 -256 -273.854004 ) (91 -256 -273.854004 ) (91 -66 -273.854004 ) 
4 93 95 (102 -64 -273.854004 ) (565.674011 -64 -273.854004 ) (565.674011 -256 -273.854004 ) (102 -256 -273.854004 ) 
4 93 94 (565.674011 -64 -273.854004 ) (569.853027 -64 -273.854004 ) (569.853027 -256 -273.854004 ) (565.674011 -256 -273.854004 ) 
4 94 196 (569.853027 -256 -275.973999 ) (569.853027 -256 -273.854004 ) (565.674011 -256 -273.854004 ) (565.674011 -256 -275.973999 ) 
4 94 142 (566 -254.125000 -275.973999 ) (566 -256 -275.973999 ) (565.674011 -256 -275.973999 ) (565.674011 -254.125000 -275.973999 ) 
4 94 139 (566 -138 -275.973999 ) (566 -254.125000 -275.973999 ) (565.674011 -254.125000 -275.973999 ) (565.674011 -138 -275.973999 ) 
4 94 102 (566 -65.875000 -275.973999 ) (566 -124.973999 -275.973999 ) (565.674011 -124.973999 -275.973999 ) (565.674011 -65.875000 -275.973999 ) 
4 94 104 (566 -134.973999 -275.973999 ) (566 -138 -275.973999 ) (565.674011 -138 -275.973999 ) (565.674011 -134.973999 -275.973999 ) 
4 94 98 (566 -64 -275.973999 ) (569.853027 -64 -275.973999 ) (569.853027 -65.875000 -275.973999 ) (566 -65.875000 -275.973999 ) 
4 94 100 (569.853027 -65.875000 -275.973999 ) (569.853027 -256 -275.973999 ) (566 -256 -275.973999 ) (566 -65.875000 -275.973999 ) 
4 94 95 (565.674011 -256 -274.132996 ) (565.674011 -256 -273.854004 ) (565.674011 -64 -273.854004 ) (565.674011 -64 -274.132996 ) 
4 95 196 (565.674011 -256 -273.854004 ) (102 -256 -273.854004 ) (102 -256 -274.132996 ) (565.674011 -256 -274.132996 ) 
4 95 96 (102 -256 -274.132996 ) (102 -256 -273.854004 ) (102 -66 -273.854004 ) (102 -66 -274.132996 ) 
4 96 196 (102 -256 -273.854004 ) (91 -256 -273.854004 ) (91 -256 -274.132996 ) (102 -256 -274.132996 ) 
4 96 97 (91 -256 -274.132996 ) (91 -256 -273.854004 ) (91 -66 -273.854004 ) (91 -66 -274.132996 ) 
4 97 219 (0 -64 -273.854004 ) (0 -64 -274.132996 ) (0 -256 -274.132996 ) (0 -256 -273.854004 ) 
4 97 196 (91 -256 -273.854004 ) (0 -256 -273.854004 ) (0 -256 -274.132996 ) (91 -256 -274.132996 ) 
4 98 100 (566 -65.875000 -275.973999 ) (566 -65.875000 -276.665985 ) (569.853027 -65.875000 -276.665985 ) (569.853027 -65.875000 -275.973999 ) 
4 99 107 (566 -64 -620.023071 ) (566 -65.875000 -620.023071 ) (566 -65.875000 -452 ) (566 -64 -452 ) 
4 99 105 (566 -65.875000 -452 ) (566 -65.875000 -449 ) (566 -64 -449 ) (566 -64 -452 ) 
4 99 100 (566 -65.875000 -449 ) (566 -65.875000 -620.023071 ) (569.853027 -65.875000 -620.023071 ) (569.853027 -65.875000 -449 ) 
4 100 196 (569.853027 -256 -620.023071 ) (569.853027 -256 -275.973999 ) (566 -256 -275.973999 ) (566 -256 -620.023071 ) 
4 100 158 (566 -138 -620.023071 ) (566 -256 -620.023071 ) (566 -256 -452 ) (566 -138 -452 ) 
4 100 155 (566 -256 -452 ) (566 -256 -448.299988 ) (566 -138 -448.299988 ) (566 -138 -452 ) 
4 100 153 (566 -256 -448.299988 ) (566 -256 -336.539001 ) (566 -254 -336.539001 ) (566 -254 -448.299988 ) 
4 100 143 (566 -254 -336.539001 ) (566 -138 -336.539001 ) (566 -138 -448.299988 ) (566 -254 -448.299988 ) 
4 100 142 (566 -256 -336.539001 ) (566 -256 -275.973999 ) (566 -254.125000 -275.973999 ) (566 -254.125000 -336.539001 ) 
4 100 139 (566 -254.125000 -275.973999 ) (566 -138 -275.973999 ) (566 -138 -336.539001 ) (566 -254.125000 -336.539001 ) 
4 100 119 (566 -134.951996 -620.023071 ) (566 -138 -620.023071 ) (566 -138 -452 ) (566 -134.951996 -452 ) 
4 100 116 (566 -138 -452 ) (566 -138 -448.299988 ) (566 -134.951996 -448.299988 ) (566 -134.951996 -452 ) 
4 100 115 (566 -138 -448.299988 ) (566 -138 -331 ) (566 -134.951996 -331 ) (566 -134.951996 -448.299988 ) 
4 100 113 (566 -65.875000 -620.023071 ) (566 -134.951996 -620.023071 ) (566 -134.951996 -452 ) (566 -65.875000 -452 ) 
4 100 110 (566 -134.951996 -452 ) (566 -134.951996 -448.299988 ) (566 -65.875000 -448.299988 ) (566 -65.875000 -452 ) 
4 100 109 (566 -134.951996 -448.299988 ) (566 -134.951996 -331 ) (566 -65.875000 -331 ) (566 -65.875000 -448.299988 ) 
4 100 102 (566 -124.973999 -275.973999 ) (566 -65.875000 -275.973999 ) (566 -65.875000 -331 ) (566 -124.973999 -331 ) 
4 100 104 (566 -138 -331 ) (566 -138 -275.973999 ) (566 -134.973999 -275.973999 ) (566 -134.973999 -331 ) 
4 101 124 (498.765350 -65.875000 -275.973999 ) (498.765350 -64 -275.973999 ) (498.765350 -64 -276.665985 ) (498.765350 -65.875000 -276.665985 ) 
4 101 103 (498.765350 -65.875000 -275.973999 ) (498.765350 -65.875000 -276.665985 ) (563.812012 -65.875000 -276.665985 ) (563.812012 -65.875000 -275.973999 ) 
4 102 109 (565.674011 -65.875000 -331 ) (566 -65.875000 -331 ) (566 -124.973999 -331 ) (565.674011 -124.973999 -331 ) 
4 103 126 (498.765350 -124.973999 -275.973999 ) (498.765350 -65.875000 -275.973999 ) (498.765350 -65.875000 -331 ) (498.765350 -124.973999 -331 ) 
4 103 121 (498.765350 -124.973999 -331 ) (498.765350 -65.875000 -331 ) (563.812012 -65.875000 -331 ) (563.812012 -124.973999 -331 ) 
4 104 139 (566 -138 -331 ) (566 -138 -275.973999 ) (498.765350 -138 -275.973999 ) (498.765350 -138 -331 ) 
4 104 127 (498.765350 -138 -331 ) (498.765350 -138 -275.973999 ) (498.765350 -134.973999 -275.973999 ) (498.765350 -134.973999 -331 ) 
4 104 121 (563.812012 -138 -331 ) (498.765350 -138 -331 ) (498.765350 -134.973999 -331 ) (563.812012 -134.973999 -331 ) 
4 104 115 (566 -138 -331 ) (563.812012 -138 -331 ) (563.812012 -134.973999 -331 ) (566 -134.973999 -331 ) 
4 105 106 (565.674011 -64 -452 ) (565.674011 -65.875000 -452 ) (565.674011 -65.875000 -450.132996 ) (565.674011 -64 -450.132996 ) 
4 106 122 (563.812012 -65.875000 -452 ) (563.812012 -65.875000 -450.132996 ) (563.812012 -64 -450.132996 ) (563.812012 -64 -452 ) 
4 106 112 (563.812012 -65.875000 -450.132996 ) (563.812012 -65.875000 -452 ) (565.674011 -65.875000 -452 ) (565.674011 -65.875000 -450.132996 ) 
4 106 108 (565.674011 -65.875000 -452 ) (563.812012 -65.875000 -452 ) (563.812012 -64 -452 ) (565.674011 -64 -452 ) 
4 107 108 (565.822998 -64 -620.023071 ) (565.822998 -65.875000 -620.023071 ) (565.822998 -65.875000 -452 ) (565.822998 -64 -452 ) 
4 108 123 (563.812012 -64 -620.023071 ) (563.812012 -65.875000 -620.023071 ) (563.812012 -65.875000 -452 ) (563.812012 -64 -452 ) 
4 108 114 (563.812012 -65.875000 -452 ) (563.812012 -65.875000 -620.023071 ) (566 -65.875000 -620.023071 ) (566 -65.875000 -452 ) 
4 109 115 (565.674011 -134.951996 -448.299988 ) (566 -134.951996 -448.299988 ) (566 -134.951996 -331 ) (565.674011 -134.951996 -331 ) 
4 110 111 (565.822998 -65.875000 -452 ) (565.822998 -134.951996 -452 ) (565.822998 -134.951996 -448.299988 ) (565.822998 -65.875000 -448.299988 ) 
4 111 112 (565.674011 -65.875000 -452 ) (565.674011 -134.951996 -452 ) (565.674011 -134.951996 -450.132996 ) (565.674011 -65.875000 -450.132996 ) 
4 112 122 (563.812012 -134.951996 -452 ) (563.812012 -134.951996 -450.132996 ) (563.812012 -65.875000 -450.132996 ) (563.812012 -65.875000 -452 ) 
4 112 118 (563.812012 -134.951996 -450.132996 ) (563.812012 -134.951996 -452 ) (565.674011 -134.951996 -452 ) (565.674011 -134.951996 -450.132996 ) 
4 112 114 (565.674011 -134.951996 -452 ) (563.812012 -134.951996 -452 ) (563.812012 -65.875000 -452 ) (565.674011 -65.875000 -452 ) 
4 113 114 (565.822998 -134.951996 -620.023071 ) (565.822998 -134.951996 -452 ) (565.822998 -65.875000 -452 ) (565.822998 -65.875000 -620.023071 ) 
4 114 123 (563.812012 -65.875000 -620.023071 ) (563.812012 -134.951996 -620.023071 ) (563.812012 -134.951996 -452 ) (563.812012 -65.875000 -452 ) 
4 114 120 (563.812012 -134.951996 -452 ) (563.812012 -134.951996 -620.023071 ) (566 -134.951996 -620.023071 ) (566 -134.951996 -452 ) 
4 115 143 (566 -138 -448.299988 ) (566 -138 -336.539001 ) (563.812012 -138 -336.539001 ) (563.812012 -138 -448.299988 ) 
4 115 139 (566 -138 -336.539001 ) (566 -138 -331 ) (563.812012 -138 -331 ) (563.812012 -138 -336.539001 ) 
4 115 121 (563.812012 -138 -448.299988 ) (563.812012 -138 -331 ) (563.812012 -134.951996 -331 ) (563.812012 -134.951996 -448.299988 ) 
4 115 117 (566 -138 -448.299988 ) (565.674011 -138 -448.299988 ) (565.674011 -134.951996 -448.299988 ) (566 -134.951996 -448.299988 ) 
4 116 117 (565.822998 -134.951996 -452 ) (565.822998 -138 -452 ) (565.822998 -138 -448.299988 ) (565.822998 -134.951996 -448.299988 ) 
4 117 118 (565.674011 -134.951996 -452 ) (565.674011 -138 -452 ) (565.674011 -138 -450.132996 ) (565.674011 -134.951996 -450.132996 ) 
4 118 157 (563.812012 -138 -450.132996 ) (563.812012 -138 -452 ) (565.674011 -138 -452 ) (565.674011 -138 -450.132996 ) 
4 118 122 (563.812012 -138 -452 ) (563.812012 -138 -450.132996 ) (563.812012 -134.951996 -450.132996 ) (563.812012 -134.951996 -452 ) 
4 118 120 (565.674011 -138 -452 ) (563.812012 -138 -452 ) (563.812012 -134.951996 -452 ) (565.674011 -134.951996 -452 ) 
4 119 120 (565.822998 -138 -620.023071 ) (565.822998 -138 -452 ) (565.822998 -134.951996 -452 ) (565.822998 -134.951996 -620.023071 ) 
4 120 159 (563.812012 -138 -620.023071 ) (566 -138 -620.023071 ) (566 -138 -452 ) (563.812012 -138 -452 ) 
4 120 123 (563.812012 -134.951996 -620.023071 ) (563.812012 -138 -620.023071 ) (563.812012 -138 -452 ) (563.812012 -134.951996 -452 ) 
4 121 143 (563.812012 -138 -448.299988 ) (563.812012 -138 -336.539001 ) (498.765350 -138 -336.539001 ) (498.765350 -138 -448.299988 ) 
4 121 139 (563.812012 -138 -336.539001 ) (563.812012 -138 -331 ) (498.765350 -138 -331 ) (498.765350 -138 -336.539001 ) 
4 121 126 (498.765350 -124.973999 -331 ) (498.765350 -65.875000 -331 ) (498.765350 -65.875000 -448.299988 ) (498.765350 -124.973999 -448.299988 ) 
4 121 127 (498.765350 -138 -448.299988 ) (498.765350 -138 -331 ) (498.765350 -134.973999 -331 ) (498.765350 -134.973999 -448.299988 ) 
4 122 157 (563.812012 -138 -452 ) (563.812012 -138 -450.132996 ) (498.765350 -138 -450.132996 ) (498.765350 -138 -452 ) 
4 122 137 (498.765350 -138 -452 ) (498.765350 -138 -450.132996 ) (498.765350 -64 -450.132996 ) (498.765350 -64 -452 ) 
4 122 123 (498.765350 -138 -452 ) (498.765350 -64 -452 ) (563.812012 -64 -452 ) (563.812012 -138 -452 ) 
4 123 160 (498.765350 -138 -620.023071 ) (563.812012 -138 -620.023071 ) (563.812012 -138 -452 ) (498.765350 -138 -452 ) 
4 123 138 (498.765350 -64 -620.023071 ) (498.765350 -138 -620.023071 ) (498.765350 -138 -452 ) (498.765350 -64 -452 ) 
4 124 131 (207 -66 -276.665985 ) (246 -66 -276.665985 ) (246 -66 -275.973999 ) (207 -66 -275.973999 ) 
4 124 136 (102 -66 -275.973999 ) (102 -66 -276.665985 ) (207 -66 -276.665985 ) (207 -66 -275.973999 ) 
4 124 130 (246 -66 -276.665985 ) (368 -66 -276.665985 ) (368 -66 -275.973999 ) (246 -66 -275.973999 ) 
4 124 126 (379.119354 -66 -276.665985 ) (498.765350 -66 -276.665985 ) (498.765350 -66 -275.973999 ) (379.119354 -66 -275.973999 ) 
4 125 133 (207 -66 -448.299988 ) (246 -66 -448.299988 ) (246 -66 -355.563599 ) (207 -66 -355.564209 ) 
4 125 131 (246 -66 -355.563599 ) (246 -66 -276.665985 ) (207 -66 -276.665985 ) (207 -66 -355.564209 ) 
4 125 136 (102 -66 -276.665985 ) (102 -66 -448.299988 ) (207 -66 -448.299988 ) (207 -66 -276.665985 ) 
4 125 129 (368 -66 -448.299988 ) (379.119354 -66 -448.299988 ) (379.119354 -66 -448.052002 ) (368 -66 -448.052002 ) 
4 125 130 (246 -66 -448.299988 ) (368 -66 -448.299988 ) (368 -66 -276.665985 ) (246 -66 -276.665985 ) 
4 125 126 (379.119354 -66 -448.299988 ) (498.765350 -66 -448.299988 ) (498.765350 -66 -276.665985 ) (379.119354 -66 -276.665985 ) 
4 126 128 (379.119354 -66 -275.973999 ) (379.119354 -66 -448.299988 ) (379.119354 -124.973999 -448.299988 ) (379.119354 -124.973999 -275.973999 ) 
4 127 143 (379.119354 -138 -448.299988 ) (498.765350 -138 -448.299988 ) (498.765350 -138 -336.539001 ) (379.119354 -138 -336.539001 ) 
4 127 139 (498.765350 -138 -336.539001 ) (498.765350 -138 -275.973999 ) (379.119354 -138 -275.973999 ) (379.119354 -138 -336.539001 ) 
4 127 128 (379.119354 -134.973999 -448.299988 ) (379.119354 -138 -448.299988 ) (379.119354 -138 -275.973999 ) (379.119354 -134.973999 -275.973999 ) 
4 128 129 (379 -66 -448.052002 ) (379 -66 -448.299988 ) (379 -138 -448.299988 ) (379 -138 -448.052002 ) 
4 129 144 (368 -138 -448.299988 ) (378 -138 -448.299988 ) (378 -138 -448.052002 ) (368 -138 -448.052002 ) 
4 129 143 (378 -138 -448.299988 ) (379.119354 -138 -448.299988 ) (379.119354 -138 -448.052002 ) (378 -138 -448.052002 ) 
4 129 130 (368 -66 -448.052002 ) (368 -66 -448.299988 ) (368 -138 -448.299988 ) (368 -138 -448.052002 ) 
4 130 149 (246 -138 -448.299988 ) (251 -138 -448.299988 ) (251 -138 -351.284363 ) (246 -138 -351.284424 ) 
4 130 148 (251 -138 -351.284363 ) (251 -138 -336.539001 ) (246 -138 -336.539001 ) (246 -138 -351.284424 ) 
4 130 147 (251 -138 -448.299988 ) (367 -138 -448.299988 ) (367 -138 -336.539001 ) (251 -138 -336.539001 ) 
4 130 144 (367 -138 -448.299988 ) (368 -138 -448.299988 ) (368 -138 -336.539001 ) (367 -138 -336.539001 ) 
4 130 141 (368 -138 -336.539001 ) (368 -138 -275.973999 ) (246 -138 -275.973999 ) (246 -138 -336.539001 ) 
4 130 135 (246 -124.021133 -448.001190 ) (246 -128 -447.581970 ) (246 -117.755508 -350.116302 ) (246 -113.776794 -350.535065 ) 
4 130 134 (246 -128 -447.581970 ) (246 -138 -446.528412 ) (246 -138 -347.985535 ) (246 -117.755508 -350.116302 ) 
5 130 133 (246 -66 -355.563629 ) (246 -66 -448.299988 ) (246 -121.185211 -448.299988 ) (246 -124.021133 -448.001190 ) (246 -113.776794 -350.535065 ) 
3 130 132 (246 -121.185211 -448.299988 ) (246 -138 -448.299988 ) (246 -138 -446.528412 ) 
4 130 131 (246 -66 -275.973999 ) (246 -66 -355.563629 ) (246 -138 -347.985535 ) (246 -138 -275.973999 ) 
4 131 148 (246 -138 -347.985535 ) (246 -138 -336.539001 ) (210 -138 -336.539001 ) (210 -138 -347.986084 ) 
4 131 152 (210 -138 -336.539001 ) (207 -138 -336.539001 ) (207 -138 -347.986115 ) (210 -138 -347.986084 ) 
4 131 141 (246 -138 -336.539001 ) (246 -138 -275.973999 ) (207 -138 -275.973999 ) (207 -138 -336.539001 ) 
4 131 135 (207 -117.755539 -350.116608 ) (207 -113.776840 -350.535370 ) (246 -113.776863 -350.535645 ) (246 -117.755569 -350.116882 ) 
4 131 134 (207 -138 -347.985840 ) (207 -117.755539 -350.116608 ) (246 -117.755569 -350.116882 ) (246 -138 -347.986115 ) 
4 131 133 (207 -113.776840 -350.535370 ) (207 -66 -355.563965 ) (246 -66 -355.564240 ) (246 -113.776863 -350.535645 ) 
4 131 136 (207 -66 -275.973999 ) (207 -66 -355.564240 ) (207 -138 -347.986115 ) (207 -138 -275.973999 ) 
4 132 149 (210 -138 -448.299988 ) (246 -138 -448.299988 ) (246 -138 -446.528412 ) (210 -138 -446.527496 ) 
4 132 152 (207 -138 -448.299988 ) (210 -138 -448.299988 ) (210 -138 -446.527496 ) (207 -138 -446.527405 ) 
4 132 135 (207 -124.021027 -448 ) (207 -128 -447.580994 ) (246 -128 -447.581635 ) (246 -124.021103 -448 ) 
4 132 134 (207 -128 -447.580994 ) (207 -138 -446.527435 ) (246 -138 -446.527832 ) (246 -128 -447.581635 ) 
4 132 133 (207 -121.175781 -448.299988 ) (207 -124.021027 -448 ) (246 -124.021103 -448 ) (246 -121.183594 -448.299988 ) 
3 132 136 (207 -121.175598 -448.299988 ) (207 -138 -448.299988 ) (207 -138 -446.527405 ) 
4 133 135 (207 -124.021065 -448.001373 ) (246 -124.021172 -448.002380 ) (246 -113.776718 -350.536285 ) (207 -113.776779 -350.536865 ) 
5 133 136 (207 -66 -355.564240 ) (207 -66 -448.299988 ) (207 -121.175598 -448.299988 ) (207 -124.021027 -448 ) (207 -113.776855 -350.535645 ) 
4 134 149 (246 -138 -446.528412 ) (246 -138 -351.284424 ) (210 -138 -351.284698 ) (210 -138 -446.527496 ) 
4 134 148 (246 -138 -351.284424 ) (246 -138 -347.985535 ) (210 -138 -347.986084 ) (210 -138 -351.284698 ) 
4 134 152 (210 -138 -347.986084 ) (207 -138 -347.986115 ) (207 -138 -446.527405 ) (210 -138 -446.527496 ) 
4 134 136 (207 -128 -447.580994 ) (207 -138 -446.527405 ) (207 -138 -347.986115 ) (207 -117.755569 -350.116882 ) 
4 134 135 (246 -128 -447.580505 ) (207 -128 -447.579498 ) (207 -117.756256 -350.120300 ) (246 -117.756195 -350.119720 ) 
4 135 136 (207 -124.021027 -448 ) (207 -128 -447.580994 ) (207 -117.755569 -350.116882 ) (207 -113.776855 -350.535645 ) 
4 136 175 (102 -138 -448.299988 ) (102 -138 -344 ) (102 -135 -344 ) (102 -135 -448.299988 ) 
4 136 174 (102 -66 -448.052002 ) (102 -66 -448.299988 ) (102 -135 -448.299988 ) (102 -135 -448.052002 ) 
4 136 152 (102 -138 -336.539001 ) (102 -138 -448.299988 ) (207 -138 -448.299988 ) (207 -138 -336.539001 ) 
4 136 141 (102 -138 -275.973999 ) (102 -138 -336.539001 ) (207 -138 -336.539001 ) (207 -138 -275.973999 ) 
4 137 179 (102 -138 -452 ) (102 -138 -450.132996 ) (102 -64 -450.132996 ) (102 -64 -452 ) 
4 137 171 (102 -138 -450.132996 ) (102 -138 -452 ) (210 -138 -452 ) (210 -138 -450.132996 ) 
4 137 165 (210 -138 -452 ) (251 -138 -452 ) (251 -138 -450.132996 ) (210 -138 -450.132996 ) 
4 137 157 (251 -138 -452 ) (498.765350 -138 -452 ) (498.765350 -138 -450.132996 ) (251 -138 -450.132996 ) 
4 137 138 (498.765350 -64 -452 ) (498.765350 -138 -452 ) (102 -138 -452 ) (102 -64 -452 ) 
4 138 180 (102 -64 -620.023071 ) (102 -138 -620.023071 ) (102 -138 -452 ) (102 -64 -452 ) 
4 138 172 (102 -138 -452 ) (102 -138 -620.023071 ) (210 -138 -620.023071 ) (210 -138 -452 ) 
4 138 166 (210 -138 -620.023071 ) (251 -138 -620.023071 ) (251 -138 -452 ) (210 -138 -452 ) 
4 138 160 (251 -138 -620.023071 ) (498.765350 -138 -620.023071 ) (498.765350 -138 -452 ) (251 -138 -452 ) 
4 139 143 (379 -138 -336.539001 ) (566 -138 -336.539001 ) (566 -254.125000 -336.539001 ) (379 -254.125000 -336.539001 ) 
4 139 142 (563.812012 -254.125000 -336.539001 ) (566 -254.125000 -336.539001 ) (566 -254.125000 -275.973999 ) (563.812012 -254.125000 -275.973999 ) 
4 139 140 (379 -193 -336.539001 ) (379 -254.125000 -336.539001 ) (379 -254.125000 -275.973999 ) (379 -193 -275.973999 ) 
4 140 145 (378 -254.125000 -336.539001 ) (368 -254.125000 -336.539001 ) (368 -193 -336.539001 ) (378 -193 -336.539001 ) 
4 140 143 (379 -193 -336.539001 ) (379 -254.125000 -336.539001 ) (378 -254.125000 -336.539001 ) (378 -193 -336.539001 ) 
4 140 141 (368 -193 -336.539001 ) (368 -254.125000 -336.539001 ) (368 -254.125000 -275.973999 ) (368 -193 -275.973999 ) 
4 141 148 (210 -138 -336.539001 ) (251 -138 -336.539001 ) (251 -254.125000 -336.539001 ) (210 -254.125000 -336.539001 ) 
4 141 147 (251 -138 -336.539001 ) (367 -138 -336.539001 ) (367 -254.125000 -336.539001 ) (251 -254.125000 -336.539001 ) 
4 141 152 (102 -254.125000 -336.539001 ) (102 -138 -336.539001 ) (210 -138 -336.539001 ) (210 -254.125000 -336.539001 ) 
4 141 145 (368 -193 -336.539001 ) (368 -254.125000 -336.539001 ) (367 -254.125000 -336.539001 ) (367 -193 -336.539001 ) 
4 141 144 (367 -138 -336.539001 ) (368 -138 -336.539001 ) (368 -193 -336.539001 ) (367 -193 -336.539001 ) 
4 142 196 (566 -256 -275.973999 ) (563.812012 -256 -275.973999 ) (563.812012 -256 -336.539001 ) (566 -256 -336.539001 ) 
4 142 153 (563.812012 -254.125000 -336.539001 ) (566 -254.125000 -336.539001 ) (566 -256 -336.539001 ) (563.812012 -256 -336.539001 ) 
4 143 156 (565.674011 -138 -448.299988 ) (566 -138 -448.299988 ) (566 -254 -448.299988 ) (565.674011 -254 -448.299988 ) 
4 143 154 (378 -254 -448.299988 ) (563.812012 -254 -448.299988 ) (563.812012 -254 -336.539001 ) (378 -254 -336.539001 ) 
4 143 153 (563.812012 -254 -448.299988 ) (566 -254 -448.299988 ) (566 -254 -336.539001 ) (563.812012 -254 -336.539001 ) 
4 143 145 (378 -254 -372.040985 ) (378 -254 -336.539001 ) (378 -193 -336.539001 ) (378 -193 -372.040985 ) 
4 143 146 (378 -193 -448.299988 ) (378 -254 -448.299988 ) (378 -254 -448 ) (378 -193 -448 ) 
4 143 144 (378 -138 -448.299988 ) (378 -193 -448.299988 ) (378 -193 -336.539001 ) (378 -138 -336.539001 ) 
4 144 147 (367 -138 -448.299988 ) (367 -193 -448.299988 ) (367 -193 -336.539001 ) (367 -138 -336.539001 ) 
4 144 145 (367 -193 -336.539001 ) (367 -193 -372.040985 ) (378 -193 -372.040985 ) (378 -193 -336.539001 ) 
4 144 146 (367 -193 -448 ) (367 -193 -448.299988 ) (378 -193 -448.299988 ) (378 -193 -448 ) 
4 145 154 (378 -254 -372.040985 ) (378 -254 -336.539001 ) (367 -254 -336.539001 ) (367 -254 -372.040985 ) 
4 145 147 (367 -254 -372.040985 ) (367 -254 -336.539001 ) (367 -193 -336.539001 ) (367 -193 -372.040985 ) 
4 146 154 (367 -254 -448.299988 ) (378 -254 -448.299988 ) (378 -254 -448 ) (367 -254 -448 ) 
4 146 147 (367 -193 -448.299988 ) (367 -254 -448.299988 ) (367 -254 -448 ) (367 -193 -448 ) 
4 147 154 (251 -254 -448.299988 ) (367 -254 -448.299988 ) (367 -254 -336.539001 ) (251 -254 -336.539001 ) 
4 147 151 (251 -190.423798 -448.299988 ) (251 -194.436600 -448.299988 ) (251 -201.677017 -356.301758 ) (251 -197.689026 -355.987518 ) 
4 147 150 (251 -194.436600 -448.299988 ) (251 -254 -448.299988 ) (251 -254 -360.424500 ) (251 -201.677017 -356.301758 ) 
4 147 149 (251 -138 -448.299988 ) (251 -190.423798 -448.299988 ) (251 -197.689026 -355.987518 ) (251 -138 -351.284363 ) 
4 147 148 (251 -254 -360.424500 ) (251 -254 -336.539001 ) (251 -138 -336.539001 ) (251 -138 -351.284363 ) 
4 148 154 (251 -254 -360.424500 ) (251 -254 -336.539001 ) (210 -254 -336.539001 ) (210 -254 -360.424805 ) 
4 148 151 (210 -201.676926 -356.303040 ) (210 -197.688934 -355.988800 ) (251 -197.689056 -355.987244 ) (251 -201.677048 -356.301483 ) 
4 148 150 (210 -254 -360.425781 ) (210 -201.676926 -356.303040 ) (251 -201.677048 -356.301483 ) (251 -254 -360.424316 ) 
4 148 149 (210 -197.688934 -355.988800 ) (210 -138 -351.285645 ) (251 -138 -351.283997 ) (251 -197.689056 -355.987244 ) 
4 148 152 (210 -254 -360.424805 ) (210 -254 -336.539001 ) (210 -138 -336.539001 ) (210 -138 -351.284698 ) 
4 149 151 (251 -190.423828 -448.299988 ) (251 -197.689362 -355.984406 ) (210 -197.689331 -355.984711 ) (210 -190.423889 -448.299988 ) 
4 149 152 (210 -138 -448.299988 ) (210 -190.423798 -448.299988 ) (210 -197.688995 -355.987823 ) (210 -138 -351.284698 ) 
4 150 154 (210 -254 -448.299988 ) (251 -254 -448.299988 ) (251 -254 -360.424500 ) (210 -254 -360.424805 ) 
4 150 152 (210 -194.436600 -448.299988 ) (210 -254 -448.299988 ) (210 -254 -360.424805 ) (210 -201.677002 -356.302063 ) 
4 150 151 (210 -194.436523 -448.299988 ) (210 -201.677368 -356.301117 ) (251 -201.677399 -356.300812 ) (251 -194.436905 -448.299988 ) 
4 151 152 (210 -190.423798 -448.299988 ) (210 -194.436600 -448.299988 ) (210 -201.677002 -356.302063 ) (210 -197.688995 -355.987823 ) 
4 152 176 (102 -190 -448.052002 ) (102 -190 -448.299988 ) (102 -254 -448.299988 ) (102 -254 -448.052002 ) 
4 152 175 (102 -138 -344 ) (102 -138 -448.299988 ) (102 -190 -448.299988 ) (102 -190 -344 ) 
4 152 154 (102 -254 -448.299988 ) (210 -254 -448.299988 ) (210 -254 -336.539001 ) (102 -254 -336.539001 ) 
4 153 196 (563.812012 -256 -448.299988 ) (566 -256 -448.299988 ) (566 -256 -336.539001 ) (563.812012 -256 -336.539001 ) 
4 153 156 (565.674011 -254 -448.299988 ) (566 -254 -448.299988 ) (566 -256 -448.299988 ) (565.674011 -256 -448.299988 ) 
4 155 156 (565.822998 -138 -452 ) (565.822998 -256 -452 ) (565.822998 -256 -448.299988 ) (565.822998 -138 -448.299988 ) 
4 156 196 (566 -256 -452 ) (566 -256 -448.299988 ) (565.674011 -256 -448.299988 ) (565.674011 -256 -452 ) 
4 156 157 (565.674011 -138 -452 ) (565.674011 -256 -452 ) (565.674011 -256 -450.132996 ) (565.674011 -138 -450.132996 ) 
4 157 196 (251 -256 -450.132996 ) (251 -256 -452 ) (565.674011 -256 -452 ) (565.674011 -256 -450.132996 ) 
4 157 169 (251 -190.132614 -452 ) (251 -194.145401 -452 ) (251 -194.292343 -450.132996 ) (251 -190.279541 -450.132996 ) 
4 157 167 (251 -168.504425 -452 ) (251 -190.132614 -452 ) (251 -190.279541 -450.132996 ) (251 -144.715729 -450.132996 ) 
4 157 165 (251 -138 -450.132996 ) (251 -138 -452 ) (251 -168.504425 -452 ) (251 -144.715729 -450.132996 ) 
4 157 162 (251 -194.145401 -452 ) (251 -256 -452 ) (251 -256 -450.132996 ) (251 -194.292343 -450.132996 ) 
4 157 161 (251 -256 -452 ) (251 -254 -452 ) (563.828003 -254 -452 ) (563.828003 -256 -452 ) 
4 157 160 (251 -254 -452 ) (251 -138 -452 ) (563.828003 -138 -452 ) (563.828003 -254 -452 ) 
4 157 159 (563.828003 -138 -452 ) (565.674011 -138 -452 ) (565.674011 -256 -452 ) (563.828003 -256 -452 ) 
4 158 159 (565.822998 -256 -452 ) (565.822998 -138 -452 ) (565.822998 -138 -620.023071 ) (565.822998 -256 -620.023071 ) 
4 159 196 (563.828003 -256 -620.023071 ) (566 -256 -620.023071 ) (566 -256 -452 ) (563.828003 -256 -452 ) 
4 159 161 (563.828003 -256 -452 ) (563.828003 -254 -452 ) (563.828003 -254 -620.023071 ) (563.828003 -256 -620.023071 ) 
4 159 160 (563.828003 -254 -452 ) (563.828003 -138 -452 ) (563.828003 -138 -620.023071 ) (563.828003 -254 -620.023071 ) 
4 160 170 (251 -193.988007 -454 ) (251 -194.145416 -452 ) (251 -190.132614 -452 ) (251 -190 -453.687012 ) 
3 160 168 (251 -190.132614 -452 ) (251 -168.504425 -452 ) (251 -190 -453.687012 ) 
5 160 166 (251 -138 -452 ) (251 -138 -620.023071 ) (251 -180.921722 -620.023071 ) (251 -193.988007 -454 ) (251 -168.504425 -452 ) 
4 160 163 (251 -180.921722 -620.023071 ) (251 -254 -620.023071 ) (251 -254 -452 ) (251 -194.145416 -452 ) 
4 160 161 (563.828003 -254 -620.023071 ) (563.828003 -254 -452 ) (251 -254 -452 ) (251 -254 -620.023071 ) 
4 161 196 (251 -256 -620.023071 ) (563.828003 -256 -620.023071 ) (563.828003 -256 -452 ) (251 -256 -452 ) 
4 161 164 (251 -254 -620.023071 ) (251 -256 -620.023071 ) (251 -256 -452 ) (251 -254 -452 ) 
4 162 196 (102 -256 -450.132996 ) (102 -256 -452 ) (251 -256 -452 ) (251 -256 -450.132996 ) 
4 162 179 (102 -256 -452 ) (102 -256 -450.132996 ) (102 -194.292343 -450.132996 ) (102 -194.145401 -452 ) 
4 162 171 (102 -194.292480 -450.132996 ) (210 -194.292480 -450.132996 ) (210 -194.145538 -452 ) (102 -194.145538 -452 ) 
4 162 169 (210 -194.292480 -450.132996 ) (251 -194.292480 -450.132996 ) (251 -194.145538 -452 ) (210 -194.145538 -452 ) 
4 162 164 (102 -256 -452 ) (102 -254 -452 ) (251 -254 -452 ) (251 -256 -452 ) 
4 162 163 (102 -254 -452 ) (102 -194.146484 -452 ) (251 -194.146484 -452 ) (251 -254 -452 ) 
4 163 180 (102 -180.921722 -620.023071 ) (102 -254 -620.023071 ) (102 -254 -452 ) (102 -194.145401 -452 ) 
4 163 172 (210 -180.921844 -620.023071 ) (102 -180.921844 -620.023071 ) (102 -194.145538 -452 ) (210 -194.145538 -452 ) 
4 163 170 (251 -194.145538 -452 ) (251 -193.988129 -454 ) (210 -193.988129 -454 ) (210 -194.145538 -452 ) 
4 163 166 (251 -193.988129 -454 ) (251 -180.921844 -620.023071 ) (210 -180.921844 -620.023071 ) (210 -193.988129 -454 ) 
4 163 164 (251 -254 -620.023071 ) (251 -254 -452 ) (102 -254 -452 ) (102 -254 -620.023071 ) 
4 164 196 (102 -256 -452 ) (102 -256 -620.023071 ) (251 -256 -620.023071 ) (251 -256 -452 ) 
4 164 181 (102 -254 -620.023071 ) (102 -256 -620.023071 ) (102 -256 -452 ) (102 -254 -452 ) 
4 165 171 (210 -168.504654 -452 ) (210 -144.715759 -450.132996 ) (210 -138 -450.132996 ) (210 -138 -452 ) 
4 165 167 (251 -144.714844 -450.132996 ) (210 -144.714844 -450.132996 ) (210 -168.504242 -452 ) (251 -168.504242 -452 ) 
4 165 166 (251 -168.505859 -452 ) (210 -168.505859 -452 ) (210 -138 -452 ) (251 -138 -452 ) 
5 166 172 (210 -180.921875 -620.023071 ) (210 -193.988144 -454 ) (210 -168.504654 -452 ) (210 -138 -452 ) (210 -138 -620.023071 ) 
4 166 170 (210 -190 -453.686981 ) (210 -193.988281 -454 ) (251 -193.988281 -454 ) (251 -190 -453.686981 ) 
4 166 168 (210 -168.504242 -452 ) (210 -190 -453.686981 ) (251 -190 -453.686981 ) (251 -168.504242 -452 ) 
4 167 171 (210 -190.279541 -450.132996 ) (210 -144.715759 -450.132996 ) (210 -168.504715 -452 ) (210 -190.132614 -452 ) 
4 167 169 (210 -190.279785 -450.132996 ) (210 -190.132828 -452 ) (251 -190.132828 -452 ) (251 -190.279785 -450.132996 ) 
4 167 168 (251 -190.132813 -452 ) (210 -190.132813 -452 ) (210 -168.502106 -452 ) (251 -168.502106 -452 ) 
3 168 172 (210 -168.504715 -452 ) (210 -190 -453.686981 ) (210 -190.132614 -452 ) 
4 168 170 (210 -190.132828 -452 ) (210 -190 -453.687500 ) (251 -190 -453.687500 ) (251 -190.132828 -452 ) 
4 169 171 (210 -194.145538 -452 ) (210 -194.292480 -450.132996 ) (210 -190.279541 -450.132996 ) (210 -190.132614 -452 ) 
4 169 170 (251 -194.144531 -452 ) (210 -194.144531 -452 ) (210 -190.132813 -452 ) (251 -190.132813 -452 ) 
4 170 172 (210 -193.988144 -454 ) (210 -194.145538 -452 ) (210 -190.132614 -452 ) (210 -190 -453.686981 ) 
4 171 179 (102 -194.145401 -452 ) (102 -194.292343 -450.132996 ) (102 -138 -450.132996 ) (102 -138 -452 ) 
4 171 172 (102 -138 -452 ) (210 -138 -452 ) (210 -194.148438 -452 ) (102 -194.148438 -452 ) 
4 172 180 (102 -138 -620.023071 ) (102 -180.921722 -620.023071 ) (102 -194.145401 -452 ) (102 -138 -452 ) 
4 173 182 (91 -64 -448 ) (91 -64 -448.299988 ) (91 -66 -448.299988 ) (91 -66 -448 ) 
4 173 174 (91 -66 -448 ) (91 -66 -448.299988 ) (97 -66 -448.299988 ) (97 -66 -448 ) 
4 174 182 (91 -66 -448.052002 ) (91 -66 -448.299988 ) (91 -135 -448.299988 ) (91 -135 -448.052002 ) 
4 174 175 (91 -135 -448.052002 ) (91 -135 -448.299988 ) (102 -135 -448.299988 ) (102 -135 -448.052002 ) 
4 175 182 (91 -135 -344 ) (91 -135 -448.299988 ) (91 -190 -448.299988 ) (91 -190 -344 ) 
4 175 176 (91 -190 -448.052002 ) (91 -190 -448.299988 ) (102 -190 -448.299988 ) (102 -190 -448.052002 ) 
4 176 182 (91 -190 -448.052002 ) (91 -190 -448.299988 ) (91 -254 -448.299988 ) (91 -254 -448.052002 ) 
4 176 177 (92 -254 -448.299988 ) (102 -254 -448.299988 ) (102 -254 -448.052002 ) (92 -254 -448.052002 ) 
4 176 178 (91 -254 -448.052002 ) (91 -254 -448.299988 ) (92 -254 -448.299988 ) (92 -254 -448.052002 ) 
4 178 196 (92 -256 -275.973999 ) (91 -256 -275.973999 ) (91 -256 -448.299988 ) (92 -256 -448.299988 ) 
4 178 182 (91 -256 -448.299988 ) (91 -256 -275.973999 ) (91 -254 -275.973999 ) (91 -254 -448.299988 ) 
4 179 196 (91 -256 -450.132996 ) (91 -256 -452 ) (102 -256 -452 ) (102 -256 -450.132996 ) 
4 179 183 (91 -256 -452 ) (91 -256 -450.132996 ) (91 -64 -450.132996 ) (91 -64 -452 ) 
4 179 181 (91 -256 -452 ) (91 -254 -452 ) (102 -254 -452 ) (102 -256 -452 ) 
4 179 180 (91 -254 -452 ) (91 -64 -452 ) (102 -64 -452 ) (102 -254 -452 ) 
4 180 184 (91 -64 -620.023071 ) (91 -254 -620.023071 ) (91 -254 -452 ) (91 -64 -452 ) 
4 180 181 (102 -254 -620.023071 ) (102 -254 -452 ) (91 -254 -452 ) (91 -254 -620.023071 ) 
4 181 196 (91 -256 -452 ) (91 -256 -620.023071 ) (102 -256 -620.023071 ) (102 -256 -452 ) 
4 181 185 (91 -254 -620.023071 ) (91 -256 -620.023071 ) (91 -256 -452 ) (91 -254 -452 ) 
4 182 220 (0 -64 -275.973999 ) (0 -64 -448.299988 ) (0 -256 -448.299988 ) (0 -256 -275.973999 ) 
4 182 196 (91 -256 -275.973999 ) (0 -256 -275.973999 ) (0 -256 -448.299988 ) (91 -256 -448.299988 ) 
4 183 222 (0 -64 -450.132996 ) (0 -64 -452 ) (0 -256 -452 ) (0 -256 -450.132996 ) 
4 183 196 (0 -256 -450.132996 ) (0 -256 -452 ) (91 -256 -452 ) (91 -256 -450.132996 ) 
4 183 185 (91 -254 -452 ) (91 -256 -452 ) (0 -256 -452 ) (0 -254 -452 ) 
4 183 184 (0 -64 -452 ) (91 -64 -452 ) (91 -254 -452 ) (0 -254 -452 ) 
4 184 223 (0 -64 -452 ) (0 -64 -620.023071 ) (0 -254 -620.023071 ) (0 -254 -452 ) 
4 184 185 (0 -254 -620.023071 ) (91 -254 -620.023071 ) (91 -254 -452 ) (0 -254 -452 ) 
4 185 224 (0 -254 -620.023071 ) (0 -256 -620.023071 ) (0 -256 -452 ) (0 -254 -452 ) 
4 185 196 (0 -256 -452 ) (0 -256 -620.023071 ) (91 -256 -620.023071 ) (91 -256 -452 ) 
4 186 193 (569.666016 -64 -4242.049805 ) (569.666016 -256 -4242.049805 ) (569.666016 -256 -1696 ) (569.666016 -64 -1696 ) 
4 186 187 (569.666016 -256 -1696 ) (569.666016 -256 -621.856079 ) (569.666016 -64 -621.856079 ) (569.666016 -64 -1696 ) 
4 187 196 (569.853027 -256 -1696 ) (569.853027 -256 -621.856079 ) (565.822998 -256 -621.856079 ) (565.822998 -256 -1696 ) 
4 187 193 (565.822998 -64 -1696 ) (569.666016 -64 -1696 ) (569.666016 -256 -1696 ) (565.822998 -256 -1696 ) 
4 187 188 (565.822998 -64 -1696 ) (565.822998 -256 -1696 ) (565.822998 -256 -621.856079 ) (565.822998 -64 -621.856079 ) 
4 188 196 (565.822998 -256 -621.856079 ) (563.828003 -256 -621.856079 ) (563.828003 -256 -1696 ) (565.822998 -256 -1696 ) 
4 188 194 (563.828003 -64 -1696 ) (565.822998 -64 -1696 ) (565.822998 -256 -1696 ) (563.828003 -256 -1696 ) 
4 188 192 (563.828003 -254 -1696 ) (563.828003 -256 -1696 ) (563.828003 -256 -621.856079 ) (563.828003 -254 -621.856079 ) 
4 188 191 (563.828003 -66 -1696 ) (563.828003 -254 -1696 ) (563.828003 -254 -621.856079 ) (563.828003 -66 -621.856079 ) 
4 188 190 (563.828003 -64 -1696 ) (563.828003 -66 -1696 ) (563.828003 -66 -621.856079 ) (563.828003 -64 -621.856079 ) 
4 189 190 (563.828003 -66 -622 ) (0 -66 -622 ) (0 -64 -622 ) (563.828003 -64 -622 ) 
4 190 226 (0 -64 -621.856079 ) (0 -64 -1696 ) (0 -66 -1696 ) (0 -66 -621.856079 ) 
4 190 194 (0 -64 -1696 ) (563.828003 -64 -1696 ) (563.828003 -66 -1696 ) (0 -66 -1696 ) 
4 190 191 (0 -66 -1696 ) (563.828003 -66 -1696 ) (563.828003 -66 -621.856079 ) (0 -66 -621.856079 ) 
4 191 227 (0 -66 -1696 ) (0 -254 -1696 ) (0 -254 -621.856079 ) (0 -66 -621.856079 ) 
4 191 194 (563.828003 -66 -1696 ) (563.828003 -254 -1696 ) (0 -254 -1696 ) (0 -66 -1696 ) 
4 191 192 (0 -254 -1696 ) (563.828003 -254 -1696 ) (563.828003 -254 -621.856079 ) (0 -254 -621.856079 ) 
4 192 228 (0 -254 -1696 ) (0 -256 -1696 ) (0 -256 -621.856079 ) (0 -254 -621.856079 ) 
4 192 196 (563.828003 -256 -621.856079 ) (0 -256 -621.856079 ) (0 -256 -1696 ) (563.828003 -256 -1696 ) 
4 192 194 (563.828003 -254 -1696 ) (563.828003 -256 -1696 ) (0 -256 -1696 ) (0 -254 -1696 ) 
4 193 196 (565.822998 -256 -4242.049805 ) (569.853027 -256 -4242.049805 ) (569.853027 -256 -1696 ) (565.822998 -256 -1696 ) 
4 193 195 (565.822998 -64 -4242.049805 ) (565.822998 -256 -4242.049805 ) (565.822998 -256 -1698 ) (565.822998 -64 -1698 ) 
4 193 194 (565.822998 -256 -1698 ) (565.822998 -256 -1696 ) (565.822998 -64 -1696 ) (565.822998 -64 -1698 ) 
4 194 229 (0 -64 -1696 ) (0 -64 -1698 ) (0 -256 -1698 ) (0 -256 -1696 ) 
4 194 196 (565.822998 -256 -1698 ) (565.822998 -256 -1696 ) (0 -256 -1696 ) (0 -256 -1698 ) 
4 194 195 (0 -64 -1698 ) (565.822998 -64 -1698 ) (565.822998 -256 -1698 ) (0 -256 -1698 ) 
4 195 230 (0 -64 -1698 ) (0 -64 -4242.049805 ) (0 -256 -4242.049805 ) (0 -256 -1698 ) 
4 195 196 (0 -256 -4242.049805 ) (565.822998 -256 -4242.049805 ) (565.822998 -256 -1698 ) (0 -256 -1698 ) 
4 196 275 (0 -1024 -4242.049805 ) (0 -1024 -274.118011 ) (0 -256 -274.118011 ) (0 -256 -4242.049805 ) 
4 196 219 (0 -1024 -274.118011 ) (0 -1024 2024.430054 ) (0 -256 2024.430054 ) (0 -256 -274.118011 ) 
4 196 200 (1024 -1024 -4242.049805 ) (1024 -1024 2024.430054 ) (0 -1024 2024.430054 ) (0 -1024 -4242.049805 ) 
4 197 199 (2048 -1024 2024.430054 ) (2048 -1024 -4242.049805 ) (2048 -2048 -4242.049805 ) (2048 -2048 2024.430054 ) 
4 197 198 (2518.810059 -2048 2024.430054 ) (2048 -2048 2024.430054 ) (2048 -2048 -4242.049805 ) (2518.810059 -2048 -4242.049805 ) 
4 198 201 (2048 -2808.360107 2024.430054 ) (2048 -2048 2024.430054 ) (2048 -2048 -4242.049805 ) (2048 -2808.360107 -4242.049805 ) 
4 199 201 (2048 -2048 -4242.049805 ) (2048 -2048 2024.430054 ) (1024 -2048 2024.430054 ) (1024 -2048 -4242.049805 ) 
4 199 200 (1024 -1024 2024.430054 ) (1024 -1024 -4242.049805 ) (1024 -2048 -4242.049805 ) (1024 -2048 2024.430054 ) 
4 200 279 (0 -2048 -4242.049805 ) (0 -2048 2024.430054 ) (0 -1024 2024.430054 ) (0 -1024 -4242.049805 ) 
4 200 202 (1024 -2048 -4242.049805 ) (1024 -2048 2024.430054 ) (0 -2048 2024.430054 ) (0 -2048 -4242.049805 ) 
4 201 202 (1024 -2808.360107 2024.430054 ) (1024 -2048 2024.430054 ) (1024 -2048 -4242.049805 ) (1024 -2808.360107 -4242.049805 ) 
4 202 281 (0 -2808.360107 2024.430054 ) (0 -2048 2024.430054 ) (0 -2048 -4242.049805 ) (0 -2808.360107 -4242.049805 ) 
4 203 212 (0 0 -274.132996 ) (0 0 2024.430054 ) (-61.087200 0 2024.430054 ) (-61.087200 0 -274.132996 ) 
4 203 205 (-61.087200 1024 2024.430054 ) (-61.087200 1024 -274.132996 ) (-61.087200 0 -274.132996 ) (-61.087200 0 2024.430054 ) 
4 204 213 (0 0 -448.134003 ) (0 0 -276.134003 ) (-61.087200 0 -276.134003 ) (-61.087200 0 -448.134003 ) 
4 205 214 (-62.972500 0 -274.118011 ) (-61.087200 0 -274.118011 ) (-61.087200 0 2024.430054 ) (-62.972500 0 2024.430054 ) 
4 205 215 (-1024 0 2024.430054 ) (-1024 0 -274.118011 ) (-62.972500 0 -274.118011 ) (-62.972500 0 2024.430054 ) 
4 205 211 (-1024 1024 2024.430054 ) (-1024 1024 -274.118011 ) (-1024 0 -274.118011 ) (-1024 0 2024.430054 ) 
4 205 206 (-1024 1024 -274.118011 ) (-62.972500 1024 -274.118011 ) (-62.972500 0 -274.118011 ) (-1024 0 -274.118011 ) 
4 206 215 (-1024 0 -274.118011 ) (-1024 0 -448.134003 ) (-62.972500 0 -448.134003 ) (-62.972500 0 -274.118011 ) 
4 206 211 (-1024 1024 -274.118011 ) (-1024 1024 -448.134003 ) (-1024 0 -448.134003 ) (-1024 0 -274.118011 ) 
4 206 207 (-62.972500 0 -448.134003 ) (-1024 0 -448.134003 ) (-1024 1024 -448.134003 ) (-62.972500 1024 -448.134003 ) 
4 207 215 (-62.972500 0 -448.134003 ) (-1024 0 -448.134003 ) (-1024 0 -450.132996 ) (-62.972500 0 -450.132996 ) 
4 207 211 (-1024 1024 -448.134003 ) (-1024 1024 -450.132996 ) (-1024 0 -450.132996 ) (-1024 0 -448.134003 ) 
4 207 208 (-74.907501 1024 -450.132996 ) (-62.972500 1024 -450.132996 ) (-62.972500 0 -450.132996 ) (-74.907501 0 -450.132996 ) 
4 207 209 (-1024 0 -450.132996 ) (-1024 1024 -450.132996 ) (-74.907501 1024 -450.132996 ) (-74.907501 0 -450.132996 ) 
4 208 216 (0 0 -620 ) (0 0 -450.132996 ) (-74.907501 0 -450.132996 ) (-74.907501 0 -620 ) 
4 208 209 (-74.907501 0 -620 ) (-74.907501 0 -450.132996 ) (-74.907501 1024 -450.132996 ) (-74.907501 1024 -620 ) 
4 209 217 (-74.907501 0 -450.132996 ) (-1024 0 -450.132996 ) (-1024 0 -622 ) (-74.907501 0 -622 ) 
4 209 211 (-1024 1024 -450.132996 ) (-1024 1024 -622 ) (-1024 0 -622 ) (-1024 0 -450.132996 ) 
4 209 210 (-74.907501 0 -622 ) (-1024 0 -622 ) (-1024 1024 -622 ) (-74.907501 1024 -622 ) 
4 210 218 (0 0 -4242.049805 ) (0 0 -622 ) (-1024 0 -622 ) (-1024 0 -4242.049805 ) 
4 210 211 (-1024 1024 -622 ) (-1024 1024 -4242.049805 ) (-1024 0 -4242.049805 ) (-1024 0 -622 ) 
4 211 277 (-2048 1024 2024.430054 ) (-2048 1024 -4242.049805 ) (-2048 0 -4242.049805 ) (-2048 0 2024.430054 ) 
4 211 276 (-1024 0 -4242.049805 ) (-1024 0 2024.430054 ) (-2048 0 2024.430054 ) (-2048 0 -4242.049805 ) 
4 212 219 (0 -64 -274.132996 ) (0 -64 2024.430054 ) (-61.087200 -64 2024.430054 ) (-61.087200 -64 -274.132996 ) 
4 212 214 (-61.087200 -64 -274.132996 ) (-61.087200 -64 2024.430054 ) (-61.087200 0 2024.430054 ) (-61.087200 0 -274.132996 ) 
4 213 220 (0 -64 -448.134003 ) (0 -64 -276.134003 ) (-61.087200 -64 -276.134003 ) (-61.087200 -64 -448.134003 ) 
4 214 219 (-61.087200 -64 2024.430054 ) (-62.972500 -64 2024.430054 ) (-62.972500 -64 -274.118011 ) (-61.087200 -64 -274.118011 ) 
4 214 215 (-62.972500 -64 -274.118011 ) (-62.972500 -64 2024.430054 ) (-62.972500 0 2024.430054 ) (-62.972500 0 -274.118011 ) 
4 215 276 (-1024 0 2024.430054 ) (-1024 0 -450.132996 ) (-1024 -64 -450.132996 ) (-1024 -64 2024.430054 ) 
4 215 274 (-1024 -64 -448.299988 ) (-1024 -64 -450.132996 ) (-488.171997 -64 -450.132996 ) (-488.171997 -64 -448.299988 ) 
4 215 243 (-487 -64 -448.299988 ) (-486.750000 -64 -448.299988 ) (-486.750000 -64 -275.960022 ) (-487 -64 -275.960022 ) 
4 215 245 (-1024 -64 -275.960022 ) (-1024 -64 -448.299988 ) (-487 -64 -448.299988 ) (-487 -64 -275.960022 ) 
4 215 231 (-1024 -64 -274.118011 ) (-1024 -64 -275.960022 ) (-488 -64 -275.960022 ) (-488 -64 -274.118011 ) 
4 215 219 (-62.972500 -64 2024.430054 ) (-1024 -64 2024.430054 ) (-1024 -64 -274.118011 ) (-62.972500 -64 -274.118011 ) 
4 215 216 (-62.972500 -64 -450.132996 ) (-74.907501 -64 -450.132996 ) (-74.907501 0 -450.132996 ) (-62.972500 0 -450.132996 ) 
4 215 217 (-74.907501 -64 -450.132996 ) (-1024 -64 -450.132996 ) (-1024 0 -450.132996 ) (-74.907501 0 -450.132996 ) 
4 216 261 (-74.907501 -64 -452 ) (-74.907501 -64 -620 ) (-66 -64 -620 ) (-66 -64 -452 ) 
4 216 260 (-66 -64 -450.132996 ) (-74.907501 -64 -450.132996 ) (-74.907501 -64 -452 ) (-66 -64 -452 ) 
4 216 223 (0 -64 -620 ) (0 -64 -452 ) (-66 -64 -452 ) (-66 -64 -620 ) 
4 216 222 (0 -64 -452 ) (0 -64 -450.132996 ) (-66 -64 -450.132996 ) (-66 -64 -452 ) 
4 216 217 (-74.907501 -64 -620 ) (-74.907501 -64 -450.132996 ) (-74.907501 0 -450.132996 ) (-74.907501 0 -620 ) 
4 217 276 (-1024 0 -450.132996 ) (-1024 0 -622 ) (-1024 -64 -622 ) (-1024 -64 -450.132996 ) 
4 217 271 (-488.171997 -64 -452 ) (-488.171997 -64 -622 ) (-486.166992 -64 -622 ) (-486.166992 -64 -452 ) 
4 217 270 (-486.166992 -64 -450.132996 ) (-488.171997 -64 -450.132996 ) (-488.171997 -64 -452 ) (-486.166992 -64 -452 ) 
4 217 274 (-488.171997 -64 -450.132996 ) (-1024 -64 -450.132996 ) (-1024 -64 -622 ) (-488.171997 -64 -622 ) 
4 217 261 (-486.166992 -64 -452 ) (-486.166992 -64 -620 ) (-74.907501 -64 -620 ) (-74.907501 -64 -452 ) 
4 217 260 (-74.907501 -64 -450.132996 ) (-486.166992 -64 -450.132996 ) (-486.166992 -64 -452 ) (-74.907501 -64 -452 ) 
4 217 218 (-74.907501 -64 -622 ) (-1024 -64 -622 ) (-1024 0 -622 ) (-74.907501 0 -622 ) 
4 218 276 (-1024 0 -622 ) (-1024 0 -4242.049805 ) (-1024 -64 -4242.049805 ) (-1024 -64 -622 ) 
4 218 273 (-488.171997 -64 -1698 ) (-488.171997 -64 -4242.049805 ) (-486.166992 -64 -4242.049805 ) (-486.166992 -64 -1698 ) 
4 218 272 (-488.171997 -64 -1696 ) (-488.171997 -64 -1698 ) (-486.166992 -64 -1698 ) (-486.166992 -64 -1696 ) 
4 218 271 (-486.166992 -64 -622 ) (-488.171997 -64 -622 ) (-488.171997 -64 -1696 ) (-486.166992 -64 -1696 ) 
4 218 274 (-488.171997 -64 -622 ) (-1024 -64 -622 ) (-1024 -64 -4242.049805 ) (-488.171997 -64 -4242.049805 ) 
4 218 268 (-486.166992 -64 -1698 ) (-486.166992 -64 -4242.049805 ) (-66 -64 -4242.049805 ) (-66 -64 -1698 ) 
4 218 267 (-486.166992 -64 -1696 ) (-486.166992 -64 -1698 ) (-66 -64 -1698 ) (-66 -64 -1696 ) 
4 218 264 (-66 -64 -622 ) (-486.166992 -64 -622 ) (-486.166992 -64 -1696 ) (-66 -64 -1696 ) 
4 218 230 (0 -64 -4242.049805 ) (0 -64 -1698 ) (-66 -64 -1698 ) (-66 -64 -4242.049805 ) 
4 218 229 (0 -64 -1698 ) (0 -64 -1696 ) (-66 -64 -1696 ) (-66 -64 -1698 ) 
4 218 226 (0 -64 -1696 ) (0 -64 -622 ) (-66 -64 -622 ) (-66 -64 -1696 ) 
4 219 279 (0 -1024 -274.118011 ) (0 -1024 2024.430054 ) (-1024 -1024 2024.430054 ) (-1024 -1024 -274.118011 ) 
4 219 276 (-1024 -1024 -274.118011 ) (-1024 -1024 2024.430054 ) (-1024 -64 2024.430054 ) (-1024 -64 -274.118011 ) 
4 219 275 (-1024 -1024 -274.118011 ) (-1024 -256 -274.118011 ) (0 -256 -274.118011 ) (0 -1024 -274.118011 ) 
4 219 231 (-1024 -256 -274.118011 ) (-1024 -64 -274.118011 ) (-488 -64 -274.118011 ) (-488 -256 -274.118011 ) 
4 220 275 (0 -256 -448.299988 ) (0 -256 -275.973999 ) (-61 -256 -275.973999 ) (-61 -256 -448.299988 ) 
4 220 221 (-61 -132 -344 ) (-61 -132 -448.299988 ) (-61 -189.166000 -448.299988 ) (-61 -189.166000 -344 ) 
4 221 246 (-66 -139 -448.299988 ) (-66 -189.166000 -448.299988 ) (-66 -189.166000 -344 ) (-66 -139 -344 ) 
4 221 232 (-66 -132 -344 ) (-66 -132 -448.299988 ) (-66 -139 -448.299988 ) (-66 -139 -344 ) 
4 222 275 (0 -256 -452 ) (0 -256 -450.132996 ) (-66 -256 -450.132996 ) (-66 -256 -452 ) 
4 222 260 (-66 -256 -452 ) (-66 -256 -450.132996 ) (-66 -64 -450.132996 ) (-66 -64 -452 ) 
4 222 224 (0 -256 -452 ) (-66 -256 -452 ) (-66 -254 -452 ) (0 -254 -452 ) 
4 222 223 (-66 -254 -452 ) (-66 -64 -452 ) (0 -64 -452 ) (0 -254 -452 ) 
4 223 261 (-66 -254 -452 ) (-66 -64 -452 ) (-66 -64 -620 ) (-66 -254 -620 ) 
4 223 224 (-66 -254 -620 ) (0 -254 -620 ) (0 -254 -452 ) (-66 -254 -452 ) 
4 224 275 (0 -256 -620 ) (0 -256 -452 ) (-66 -256 -452 ) (-66 -256 -620 ) 
4 224 262 (-66 -256 -620 ) (-66 -256 -452 ) (-66 -254 -452 ) (-66 -254 -620 ) 
4 225 226 (0 -66 -622 ) (-66 -66 -622 ) (-66 -64 -622 ) (0 -64 -622 ) 
4 226 264 (-66 -66 -621.856079 ) (-66 -64 -621.856079 ) (-66 -64 -1696 ) (-66 -66 -1696 ) 
4 226 229 (-66 -66 -1696 ) (-66 -64 -1696 ) (0 -64 -1696 ) (0 -66 -1696 ) 
4 226 227 (-66 -66 -1696 ) (0 -66 -1696 ) (0 -66 -621.856079 ) (-66 -66 -621.856079 ) 
4 227 265 (-66 -254 -621.856079 ) (-66 -66 -621.856079 ) (-66 -66 -1696 ) (-66 -254 -1696 ) 
4 227 229 (-66 -254 -1696 ) (-66 -66 -1696 ) (0 -66 -1696 ) (0 -254 -1696 ) 
4 227 228 (-66 -254 -1696 ) (0 -254 -1696 ) (0 -254 -621.856079 ) (-66 -254 -621.856079 ) 
4 228 275 (0 -256 -1696 ) (0 -256 -621.856079 ) (-66 -256 -621.856079 ) (-66 -256 -1696 ) 
4 228 266 (-66 -256 -1696 ) (-66 -256 -621.856079 ) (-66 -254 -621.856079 ) (-66 -254 -1696 ) 
4 228 229 (0 -256 -1696 ) (-66 -256 -1696 ) (-66 -254 -1696 ) (0 -254 -1696 ) 
4 229 275 (0 -256 -1698 ) (0 -256 -1696 ) (-66 -256 -1696 ) (-66 -256 -1698 ) 
4 229 267 (-66 -256 -1698 ) (-66 -256 -1696 ) (-66 -64 -1696 ) (-66 -64 -1698 ) 
4 229 230 (0 -256 -1698 ) (-66 -256 -1698 ) (-66 -64 -1698 ) (0 -64 -1698 ) 
4 230 275 (0 -256 -4242.049805 ) (0 -256 -1698 ) (-66 -256 -1698 ) (-66 -256 -4242.049805 ) 
4 230 268 (-66 -256 -4242.049805 ) (-66 -256 -1698 ) (-66 -64 -1698 ) (-66 -64 -4242.049805 ) 
4 231 276 (-1024 -256 -275.960022 ) (-1024 -256 -274.118011 ) (-1024 -64 -274.118011 ) (-1024 -64 -275.960022 ) 
4 231 275 (-488 -256 -274.118011 ) (-1024 -256 -274.118011 ) (-1024 -256 -275.960022 ) (-488 -256 -275.960022 ) 
4 231 259 (-488 -252 -275.960022 ) (-488 -256 -275.960022 ) (-1024 -256 -275.960022 ) (-1024 -252 -275.960022 ) 
4 231 257 (-488 -192 -275.960022 ) (-488 -252 -275.960022 ) (-1024 -252 -275.960022 ) (-1024 -192 -275.960022 ) 
4 231 254 (-488 -139 -275.960022 ) (-488 -192 -275.960022 ) (-1024 -192 -275.960022 ) (-1024 -139 -275.960022 ) 
4 231 245 (-1024 -64 -275.960022 ) (-488 -64 -275.960022 ) (-488 -139 -275.960022 ) (-1024 -139 -275.960022 ) 
4 232 249 (-182 -139 -443.670532 ) (-182 -139 -345.366974 ) (-183 -139 -345.366974 ) (-183 -139 -443.670532 ) 
4 232 248 (-183 -139 -448.299988 ) (-182 -139 -448.299988 ) (-182 -139 -443.670532 ) (-183 -139 -443.670532 ) 
4 232 247 (-182 -139 -345.366974 ) (-182 -139 -275.960022 ) (-183 -139 -275.960022 ) (-183 -139 -345.366974 ) 
4 232 246 (-182 -139 -448.299988 ) (-66 -139 -448.299988 ) (-66 -139 -275.960022 ) (-182 -139 -275.960022 ) 
4 232 237 (-183 -124.016998 -448 ) (-183 -128 -447.617004 ) (-183 -118.607056 -350.068573 ) (-183 -114.625427 -350.451324 ) 
4 232 236 (-183 -128 -447.617004 ) (-183 -139 -446.559540 ) (-183 -139 -348.108124 ) (-183 -118.607056 -350.068573 ) 
5 232 235 (-183 -65.875000 -355.137878 ) (-183 -65.875000 -448.299988 ) (-183 -120.895508 -448.299988 ) (-183 -124.016998 -448 ) (-183 -114.625427 -350.451324 ) 
3 232 234 (-183 -120.895508 -448.299988 ) (-183 -139 -448.299988 ) (-183 -139 -446.559540 ) 
4 232 233 (-183 -65.875000 -275.960022 ) (-183 -65.875000 -355.137878 ) (-183 -139 -348.108124 ) (-183 -139 -275.960022 ) 
4 233 249 (-183 -139 -348.108124 ) (-183 -139 -345.366974 ) (-217 -139 -345.367188 ) (-217 -139 -348.107361 ) 
4 233 247 (-183 -139 -345.366974 ) (-183 -139 -275.960022 ) (-217 -139 -275.960022 ) (-217 -139 -345.367188 ) 
4 233 237 (-217 -118.606941 -350.067383 ) (-217 -114.625320 -350.450165 ) (-183 -114.625366 -350.450684 ) (-183 -118.606995 -350.067902 ) 
4 233 236 (-217 -139 -348.106934 ) (-217 -118.606941 -350.067383 ) (-183 -118.606995 -350.067902 ) (-183 -139 -348.107452 ) 
4 233 235 (-217 -114.625320 -350.450165 ) (-217 -65.875000 -355.136719 ) (-183 -65.875000 -355.137207 ) (-183 -114.625366 -350.450684 ) 
4 233 238 (-217 -65.875000 -275.960022 ) (-217 -65.875000 -355.137085 ) (-217 -139 -348.107361 ) (-217 -139 -275.960022 ) 
4 234 248 (-217 -139 -448.299988 ) (-183 -139 -448.299988 ) (-183 -139 -446.559540 ) (-217 -139 -446.559540 ) 
4 234 237 (-217 -124.016953 -448 ) (-217 -128 -447.616577 ) (-183 -128 -447.617035 ) (-183 -124.016998 -448 ) 
4 234 236 (-217 -128 -447.616577 ) (-217 -139 -446.559113 ) (-183 -139 -446.559570 ) (-183 -128 -447.617035 ) 
4 234 235 (-217 -120.891045 -448.299988 ) (-217 -124.016953 -448 ) (-183 -124.016998 -448 ) (-183 -120.895889 -448.299988 ) 
3 234 238 (-217 -120.895508 -448.299988 ) (-217 -139 -448.299988 ) (-217 -139 -446.559540 ) 
4 235 237 (-217 -124.016846 -448 ) (-183 -124.016846 -448 ) (-183 -114.625221 -350.451752 ) (-217 -114.625145 -350.450989 ) 
5 235 238 (-217 -65.875000 -355.137085 ) (-217 -65.875000 -448.299988 ) (-217 -120.895508 -448.299988 ) (-217 -124.016998 -448 ) (-217 -114.625351 -350.450562 ) 
4 236 249 (-183 -139 -443.670532 ) (-183 -139 -348.108124 ) (-217 -139 -348.107361 ) (-217 -139 -443.670532 ) 
4 236 248 (-183 -139 -446.559540 ) (-183 -139 -443.670532 ) (-217 -139 -443.670532 ) (-217 -139 -446.559540 ) 
4 236 238 (-217 -128 -447.617004 ) (-217 -139 -446.559540 ) (-217 -139 -348.107361 ) (-217 -118.606979 -350.067810 ) 
4 236 237 (-183 -128 -447.615234 ) (-217 -128 -447.615234 ) (-217 -118.607269 -350.066986 ) (-183 -118.607346 -350.067749 ) 
4 237 238 (-217 -124.016998 -448 ) (-217 -128 -447.617004 ) (-217 -118.606979 -350.067810 ) (-217 -114.625351 -350.450562 ) 
4 238 249 (-217 -139 -443.670532 ) (-217 -139 -345.367188 ) (-221 -139 -345.367218 ) (-221 -139 -443.670532 ) 
4 238 248 (-221 -139 -448.299988 ) (-217 -139 -448.299988 ) (-217 -139 -443.670532 ) (-221 -139 -443.670532 ) 
4 238 247 (-217 -139 -345.367188 ) (-217 -139 -275.960022 ) (-221 -139 -275.960022 ) (-221 -139 -345.367218 ) 
4 238 252 (-296 -139 -448.299988 ) (-221 -139 -448.299988 ) (-221 -139 -275.960022 ) (-296 -139 -275.960022 ) 
4 239 254 (-304.214661 -139 -448.299988 ) (-304 -139 -448.299988 ) (-304 -139 -275.960022 ) (-304.214661 -139 -275.960022 ) 
4 239 240 (-304.214661 -65.875000 -275.960022 ) (-304.214661 -65.875000 -448.299988 ) (-304.214661 -125.493004 -448.299988 ) (-304.214661 -125.493004 -275.960022 ) 
4 239 242 (-304.214661 -135.493011 -448.299988 ) (-304.214661 -139 -448.299988 ) (-304.214661 -139 -275.960022 ) (-304.214661 -135.493011 -275.960022 ) 
4 240 241 (-479 -125.493004 -331 ) (-479 -125.493004 -448.299988 ) (-412.892670 -125.493004 -448.299988 ) (-412.892670 -125.493004 -331 ) 
4 241 242 (-479 -135.493011 -331 ) (-479 -135.493011 -448.299988 ) (-412.892670 -135.493011 -448.299988 ) (-412.892670 -135.493011 -331 ) 
4 242 254 (-479 -139 -448.299988 ) (-304.214661 -139 -448.299988 ) (-304.214661 -139 -275.960022 ) (-479 -139 -275.960022 ) 
4 242 244 (-479 -136 -448.299988 ) (-479 -139 -448.299988 ) (-479 -139 -275.960022 ) (-479 -136 -275.960022 ) 
4 243 245 (-487 -64 -448.299988 ) (-487 -65.409203 -448.299988 ) (-487 -65.409203 -275.960022 ) (-487 -64 -275.960022 ) 
4 244 254 (-487 -139 -448.299988 ) (-479 -139 -448.299988 ) (-479 -139 -275.960022 ) (-487 -139 -275.960022 ) 
4 244 245 (-487 -136 -448.299988 ) (-487 -139 -448.299988 ) (-487 -139 -275.960022 ) (-487 -136 -275.960022 ) 
4 245 276 (-1024 -139 -275.960022 ) (-1024 -64 -275.960022 ) (-1024 -64 -448.299988 ) (-1024 -139 -448.299988 ) 
4 245 274 (-1024 -64 -448.299988 ) (-488.171997 -64 -448.299988 ) (-488.171997 -139 -448.299988 ) (-1024 -139 -448.299988 ) 
4 245 254 (-1024 -139 -448.299988 ) (-487 -139 -448.299988 ) (-487 -139 -275.960022 ) (-1024 -139 -275.960022 ) 
4 246 251 (-182 -190 -447.686005 ) (-182 -193.988007 -448 ) (-182 -201.677094 -350.301849 ) (-182 -197.688995 -349.987854 ) 
5 246 250 (-182 -193.988007 -448 ) (-182 -197.798096 -448.299988 ) (-182 -254.125000 -448.299988 ) (-182 -254.125000 -354.431335 ) (-182 -201.677094 -350.301849 ) 
4 246 249 (-182 -139 -345.366974 ) (-182 -139 -443.670532 ) (-182 -190 -447.686005 ) (-182 -197.688995 -349.987854 ) 
3 246 248 (-182 -139 -443.670532 ) (-182 -139 -448.299988 ) (-182 -197.798096 -448.299988 ) 
4 246 247 (-182 -139 -275.960022 ) (-182 -139 -345.366974 ) (-182 -254.125000 -354.431335 ) (-182 -254.125000 -275.960022 ) 
4 247 251 (-221 -201.677109 -350.301636 ) (-221 -197.689026 -349.987640 ) (-182 -197.688980 -349.988098 ) (-182 -201.677063 -350.302094 ) 
4 247 250 (-221 -254.125000 -354.431152 ) (-221 -201.677109 -350.301636 ) (-182 -201.677063 -350.302094 ) (-182 -254.125000 -354.431641 ) 
4 247 249 (-221 -197.689026 -349.987640 ) (-221 -139 -345.366760 ) (-182 -139 -345.367188 ) (-182 -197.688980 -349.988098 ) 
4 247 252 (-221 -139 -275.960022 ) (-221 -139 -345.367218 ) (-221 -254.125000 -354.431580 ) (-221 -254.125000 -275.960022 ) 
4 248 251 (-221 -190 -447.685944 ) (-221 -193.988022 -448 ) (-182 -193.988007 -448 ) (-182 -190 -447.685974 ) 
4 248 250 (-221 -193.988022 -448 ) (-221 -197.798920 -448.299988 ) (-182 -197.798355 -448.299988 ) (-182 -193.988007 -448 ) 
4 248 249 (-221 -139 -443.670410 ) (-221 -190 -447.685944 ) (-182 -190 -447.685974 ) (-182 -139 -443.670502 ) 
3 248 252 (-221 -139 -443.670532 ) (-221 -139 -448.299988 ) (-221 -197.798096 -448.299988 ) 
4 249 251 (-221 -190 -447.683594 ) (-182 -190 -447.683594 ) (-182 -197.688492 -349.987305 ) (-221 -197.688477 -349.987549 ) 
4 249 252 (-221 -139 -345.367218 ) (-221 -139 -443.670532 ) (-221 -190 -447.686005 ) (-221 -197.688995 -349.988098 ) 
5 250 252 (-221 -193.988007 -448 ) (-221 -197.798096 -448.299988 ) (-221 -254.125000 -448.299988 ) (-221 -254.125000 -354.431580 ) (-221 -201.677063 -350.302094 ) 
4 250 251 (-182 -193.987549 -448.003906 ) (-221 -193.987549 -448.003906 ) (-221 -201.676819 -350.303436 ) (-182 -201.676834 -350.303192 ) 
4 251 252 (-221 -190 -447.686005 ) (-221 -193.988007 -448 ) (-221 -201.677063 -350.302094 ) (-221 -197.688995 -349.988098 ) 
4 252 258 (-296 -252 -448.299988 ) (-296 -254.125000 -448.299988 ) (-296 -254.125000 -275.960022 ) (-296 -252 -275.960022 ) 
4 252 255 (-296 -252 -366 ) (-296 -252 -275.960022 ) (-296 -192 -275.960022 ) (-296 -192 -366 ) 
4 252 256 (-296 -192 -448.299988 ) (-296 -252 -448.299988 ) (-296 -252 -448 ) (-296 -192 -448 ) 
4 252 253 (-296 -139 -336.600037 ) (-296 -139 -448.299988 ) (-296 -192 -448.299988 ) (-296 -192 -336.600037 ) 
4 253 255 (-296 -192 -366 ) (-296 -192 -336.600037 ) (-304 -192 -336.600037 ) (-304 -192 -366 ) 
4 253 256 (-304 -192 -448.299988 ) (-296 -192 -448.299988 ) (-296 -192 -448 ) (-304 -192 -448 ) 
4 253 254 (-304 -139 -336.600037 ) (-304 -139 -448.299988 ) (-304 -192 -448.299988 ) (-304 -192 -336.600037 ) 
4 254 276 (-1024 -192 -275.960022 ) (-1024 -139 -275.960022 ) (-1024 -139 -448.299988 ) (-1024 -192 -448.299988 ) 
4 254 274 (-1024 -192 -448.299988 ) (-1024 -139 -448.299988 ) (-488.171997 -139 -448.299988 ) (-488.171997 -192 -448.299988 ) 
4 254 257 (-1024 -192 -448.299988 ) (-304 -192 -448.299988 ) (-304 -192 -275.960022 ) (-1024 -192 -275.960022 ) 
4 255 258 (-296 -252 -366 ) (-296 -252 -275.960022 ) (-304 -252 -275.960022 ) (-304 -252 -366 ) 
4 255 257 (-304 -192 -275.960022 ) (-304 -192 -366 ) (-304 -252 -366 ) (-304 -252 -275.960022 ) 
4 256 258 (-304 -252 -448.299988 ) (-296 -252 -448.299988 ) (-296 -252 -448 ) (-304 -252 -448 ) 
4 256 257 (-304 -192 -448 ) (-304 -192 -448.299988 ) (-304 -252 -448.299988 ) (-304 -252 -448 ) 
4 257 276 (-1024 -252 -275.960022 ) (-1024 -192 -275.960022 ) (-1024 -192 -448.299988 ) (-1024 -252 -448.299988 ) 
4 257 274 (-1024 -252 -448.299988 ) (-1024 -192 -448.299988 ) (-488.171997 -192 -448.299988 ) (-488.171997 -252 -448.299988 ) 
4 257 258 (-486.750000 -252 -448.299988 ) (-304 -252 -448.299988 ) (-304 -252 -275.960022 ) (-486.750000 -252 -275.960022 ) 
4 257 259 (-1024 -252 -448.299988 ) (-486.750000 -252 -448.299988 ) (-486.750000 -252 -275.960022 ) (-1024 -252 -275.960022 ) 
4 258 259 (-486.750000 -252 -275.960022 ) (-486.750000 -252 -448.299988 ) (-486.750000 -254.125000 -448.299988 ) (-486.750000 -254.125000 -275.960022 ) 
4 259 276 (-1024 -256 -448.299988 ) (-1024 -256 -275.960022 ) (-1024 -252 -275.960022 ) (-1024 -252 -448.299988 ) 
4 259 275 (-486.750000 -256 -275.960022 ) (-1024 -256 -275.960022 ) (-1024 -256 -448.299988 ) (-486.750000 -256 -448.299988 ) 
4 259 274 (-488.171997 -256 -448.299988 ) (-1024 -256 -448.299988 ) (-1024 -252 -448.299988 ) (-488.171997 -252 -448.299988 ) 
4 260 275 (-66 -256 -452 ) (-66 -256 -450.132996 ) (-486.166992 -256 -450.132996 ) (-486.166992 -256 -452 ) 
4 260 270 (-486.166992 -256 -452 ) (-486.166992 -256 -450.132996 ) (-486.166992 -64 -450.132996 ) (-486.166992 -64 -452 ) 
4 260 262 (-486.166992 -256 -452 ) (-486.166992 -254 -452 ) (-66 -254 -452 ) (-66 -256 -452 ) 
4 260 261 (-486.166992 -254 -452 ) (-486.166992 -64 -452 ) (-66 -64 -452 ) (-66 -254 -452 ) 
4 261 271 (-486.166992 -254 -452 ) (-486.166992 -64 -452 ) (-486.166992 -64 -620 ) (-486.166992 -254 -620 ) 
4 261 262 (-486.166992 -254 -620 ) (-66 -254 -620 ) (-66 -254 -452 ) (-486.166992 -254 -452 ) 
4 262 275 (-66 -256 -620 ) (-66 -256 -452 ) (-486.166992 -256 -452 ) (-486.166992 -256 -620 ) 
4 262 271 (-486.166992 -256 -620 ) (-486.166992 -256 -452 ) (-486.166992 -254 -452 ) (-486.166992 -254 -620 ) 
4 263 264 (-66 -66 -622 ) (-486.166992 -66 -622 ) (-486.166992 -64 -622 ) (-66 -64 -622 ) 
4 264 271 (-486.166992 -66 -621.835083 ) (-486.166992 -64 -621.835083 ) (-486.166992 -64 -1696 ) (-486.166992 -66 -1696 ) 
4 264 267 (-486.166992 -66 -1696 ) (-486.166992 -64 -1696 ) (-66 -64 -1696 ) (-66 -66 -1696 ) 
4 264 265 (-486.166992 -66 -1696 ) (-66 -66 -1696 ) (-66 -66 -621.835083 ) (-486.166992 -66 -621.835083 ) 
4 265 271 (-486.166992 -254 -621.835083 ) (-486.166992 -66 -621.835083 ) (-486.166992 -66 -1696 ) (-486.166992 -254 -1696 ) 
4 265 267 (-486.166992 -254 -1696 ) (-486.166992 -66 -1696 ) (-66 -66 -1696 ) (-66 -254 -1696 ) 
4 265 266 (-486.166992 -254 -1696 ) (-66 -254 -1696 ) (-66 -254 -621.835083 ) (-486.166992 -254 -621.835083 ) 
4 266 275 (-66 -256 -1696 ) (-66 -256 -621.835083 ) (-486.166992 -256 -621.835083 ) (-486.166992 -256 -1696 ) 
4 266 271 (-486.166992 -256 -1696 ) (-486.166992 -256 -621.835083 ) (-486.166992 -254 -621.835083 ) (-486.166992 -254 -1696 ) 
4 266 267 (-486.166992 -256 -1696 ) (-486.166992 -254 -1696 ) (-66 -254 -1696 ) (-66 -256 -1696 ) 
4 267 275 (-66 -256 -1698 ) (-66 -256 -1696 ) (-486.166992 -256 -1696 ) (-486.166992 -256 -1698 ) 
4 267 272 (-486.166992 -256 -1698 ) (-486.166992 -256 -1696 ) (-486.166992 -64 -1696 ) (-486.166992 -64 -1698 ) 
4 267 268 (-486.166992 -256 -1698 ) (-486.166992 -64 -1698 ) (-66 -64 -1698 ) (-66 -256 -1698 ) 
4 268 275 (-66 -256 -4242.049805 ) (-66 -256 -1698 ) (-486.166992 -256 -1698 ) (-486.166992 -256 -4242.049805 ) 
4 268 273 (-486.166992 -64 -4242.049805 ) (-486.166992 -256 -4242.049805 ) (-486.166992 -256 -1698 ) (-486.166992 -64 -1698 ) 
4 269 274 (-488.171997 -256 -450.132996 ) (-488.171997 -256 -448.299988 ) (-488.171997 -64 -448.299988 ) (-488.171997 -64 -450.132996 ) 
4 270 275 (-488.171997 -256 -450.132996 ) (-488.171997 -256 -452 ) (-486.166992 -256 -452 ) (-486.166992 -256 -450.132996 ) 
4 270 274 (-488.171997 -256 -452 ) (-488.171997 -256 -450.132996 ) (-488.171997 -64 -450.132996 ) (-488.171997 -64 -452 ) 
4 270 271 (-488.171997 -256 -452 ) (-488.171997 -64 -452 ) (-486.166992 -64 -452 ) (-486.166992 -256 -452 ) 
4 271 275 (-488.171997 -256 -452 ) (-488.171997 -256 -1696 ) (-486.166992 -256 -1696 ) (-486.166992 -256 -452 ) 
4 271 272 (-488.171997 -256 -1696 ) (-488.171997 -64 -1696 ) (-486.166992 -64 -1696 ) (-486.166992 -256 -1696 ) 
4 271 274 (-488.171997 -256 -1696 ) (-488.171997 -256 -452 ) (-488.171997 -64 -452 ) (-488.171997 -64 -1696 ) 
4 272 275 (-488.171997 -256 -1696 ) (-488.171997 -256 -1698 ) (-486.166992 -256 -1698 ) (-486.166992 -256 -1696 ) 
4 272 274 (-488.171997 -256 -1698 ) (-488.171997 -256 -1696 ) (-488.171997 -64 -1696 ) (-488.171997 -64 -1698 ) 
4 272 273 (-488.171997 -256 -1698 ) (-488.171997 -64 -1698 ) (-486.166992 -64 -1698 ) (-486.166992 -256 -1698 ) 
4 273 275 (-488.171997 -256 -1698 ) (-488.171997 -256 -4242.049805 ) (-486.166992 -256 -4242.049805 ) (-486.166992 -256 -1698 ) 
4 273 274 (-488.171997 -64 -4242.049805 ) (-488.171997 -256 -4242.049805 ) (-488.171997 -256 -1698 ) (-488.171997 -64 -1698 ) 
4 274 276 (-1024 -256 -4242.049805 ) (-1024 -256 -448.299988 ) (-1024 -64 -448.299988 ) (-1024 -64 -4242.049805 ) 
4 274 275 (-488.171997 -256 -448.299988 ) (-1024 -256 -448.299988 ) (-1024 -256 -4242.049805 ) (-488.171997 -256 -4242.049805 ) 
4 275 279 (0 -1024 -4242.049805 ) (0 -1024 -274.118011 ) (-1024 -1024 -274.118011 ) (-1024 -1024 -4242.049805 ) 
4 275 276 (-1024 -1024 -4242.049805 ) (-1024 -1024 -274.118011 ) (-1024 -256 -274.118011 ) (-1024 -256 -4242.049805 ) 
4 276 280 (-1024 -1024 -4242.049805 ) (-1024 -1024 2024.430054 ) (-2048 -1024 2024.430054 ) (-2048 -1024 -4242.049805 ) 
4 276 278 (-2048 -1024 -4242.049805 ) (-2048 -1024 2024.430054 ) (-2048 0 2024.430054 ) (-2048 0 -4242.049805 ) 
4 277 278 (-2048 0 -4242.049805 ) (-2048 0 2024.430054 ) (-2394.810059 0 2024.430054 ) (-2394.810059 0 -4242.049805 ) 
4 278 283 (-2048 -1024 -4242.049805 ) (-2048 -1024 2024.430054 ) (-2394.810059 -1024 2024.430054 ) (-2394.810059 -1024 -4242.049805 ) 
4 279 281 (0 -2048 -4242.049805 ) (0 -2048 2024.430054 ) (-1024 -2048 2024.430054 ) (-1024 -2048 -4242.049805 ) 
4 279 280 (-1024 -1024 2024.430054 ) (-1024 -1024 -4242.049805 ) (-1024 -2048 -4242.049805 ) (-1024 -2048 2024.430054 ) 
4 280 283 (-2048 -1024 2024.430054 ) (-2048 -1024 -4242.049805 ) (-2048 -2048 -4242.049805 ) (-2048 -2048 2024.430054 ) 
4 280 282 (-1024 -2048 -4242.049805 ) (-1024 -2048 2024.430054 ) (-2048 -2048 2024.430054 ) (-2048 -2048 -4242.049805 ) 
4 281 282 (-1024 -2808.360107 2024.430054 ) (-1024 -2048 2024.430054 ) (-1024 -2048 -4242.049805 ) (-1024 -2808.360107 -4242.049805 ) 
4 282 284 (-2048 -2808.360107 2024.430054 ) (-2048 -2048 2024.430054 ) (-2048 -2048 -4242.049805 ) (-2048 -2808.360107 -4242.049805 ) 
4 283 284 (-2048 -2048 -4242.049805 ) (-2048 -2048 2024.430054 ) (-2394.810059 -2048 2024.430054 ) (-2394.810059 -2048 -4242.049805 ) 
